[1.464s] DEBUG:colcon:Command line arguments: ['/usr/bin/colcon', 'build']
[1.464s] DEBUG:colcon:Parsed command line arguments: Namespace(log_base=None, log_level=None, verb_name='build', build_base='build', install_base='install', merge_install=False, symlink_install=False, test_result_base=None, continue_on_error=False, executor='parallel', parallel_workers=16, event_handlers=None, ignore_user_meta=False, metas=['./colcon.meta'], base_paths=['.'], packages_ignore=None, packages_ignore_regex=None, paths=None, packages_up_to=None, packages_up_to_regex=None, packages_above=None, packages_above_and_dependencies=None, packages_above_depth=None, packages_select_by_dep=None, packages_skip_by_dep=None, packages_skip_up_to=None, packages_select_build_failed=False, packages_skip_build_finished=False, packages_select_test_failures=False, packages_skip_test_passed=False, packages_select=None, packages_skip=None, packages_select_regex=None, packages_skip_regex=None, packages_start=None, packages_end=None, allow_overriding=[], cmake_args=None, cmake_target=None, cmake_target_skip_unavailable=False, cmake_clean_cache=False, cmake_clean_first=False, cmake_force_configure=False, ament_cmake_args=None, catkin_cmake_args=None, catkin_skip_building_tests=False, verb_parser=<colcon_defaults.argument_parser.defaults.DefaultArgumentsDecorator object at 0x7fa21376bf40>, verb_extension=<colcon_core.verb.build.BuildVerb object at 0x7fa213c03280>, main=<bound method BuildVerb.main of <colcon_core.verb.build.BuildVerb object at 0x7fa213c03280>>)
[1.525s] Level 1:colcon.colcon_core.package_discovery:discover_packages(colcon_meta) check parameters
[1.526s] Level 1:colcon.colcon_core.package_discovery:discover_packages(recursive) check parameters
[1.526s] Level 1:colcon.colcon_core.package_discovery:discover_packages(ignore) check parameters
[1.526s] Level 1:colcon.colcon_core.package_discovery:discover_packages(path) check parameters
[1.526s] Level 1:colcon.colcon_core.package_discovery:discover_packages(colcon_meta) discover
[1.526s] Level 1:colcon.colcon_core.package_discovery:discover_packages(recursive) discover
[1.526s] INFO:colcon.colcon_core.package_discovery:Crawling recursively for packages in '/home/jmcfee/arv/cv-nav-integration'
[1.526s] Level 1:colcon.colcon_core.package_identification:_identify(.) by extensions ['ignore', 'ignore_ament_install']
[1.526s] Level 1:colcon.colcon_core.package_identification:_identify(.) by extension 'ignore'
[1.526s] Level 1:colcon.colcon_core.package_identification:_identify(.) by extension 'ignore_ament_install'
[1.526s] Level 1:colcon.colcon_core.package_identification:_identify(.) by extensions ['colcon_pkg']
[1.526s] Level 1:colcon.colcon_core.package_identification:_identify(.) by extension 'colcon_pkg'
[1.526s] Level 1:colcon.colcon_core.package_identification:_identify(.) by extensions ['colcon_meta']
[1.526s] Level 1:colcon.colcon_core.package_identification:_identify(.) by extension 'colcon_meta'
[1.526s] Level 1:colcon.colcon_core.package_identification:_identify(.) by extensions ['ros']
[1.527s] Level 1:colcon.colcon_core.package_identification:_identify(.) by extension 'ros'
[1.545s] Level 1:colcon.colcon_core.package_identification:_identify(.) by extensions ['cmake', 'python']
[1.545s] Level 1:colcon.colcon_core.package_identification:_identify(.) by extension 'cmake'
[1.545s] Level 1:colcon.colcon_core.package_identification:_identify(.) by extension 'python'
[1.545s] Level 1:colcon.colcon_core.package_identification:_identify(.) by extensions ['python_setup_py']
[1.545s] Level 1:colcon.colcon_core.package_identification:_identify(.) by extension 'python_setup_py'
[1.545s] Level 1:colcon.colcon_core.package_identification:_identify(build) by extensions ['ignore', 'ignore_ament_install']
[1.545s] Level 1:colcon.colcon_core.package_identification:_identify(build) by extension 'ignore'
[1.545s] Level 1:colcon.colcon_core.package_identification:_identify(build) ignored
[1.545s] Level 1:colcon.colcon_core.package_identification:_identify(install) by extensions ['ignore', 'ignore_ament_install']
[1.546s] Level 1:colcon.colcon_core.package_identification:_identify(install) by extension 'ignore'
[1.546s] Level 1:colcon.colcon_core.package_identification:_identify(install) ignored
[1.546s] Level 1:colcon.colcon_core.package_identification:_identify(log) by extensions ['ignore', 'ignore_ament_install']
[1.546s] Level 1:colcon.colcon_core.package_identification:_identify(log) by extension 'ignore'
[1.546s] Level 1:colcon.colcon_core.package_identification:_identify(log) ignored
[1.546s] Level 1:colcon.colcon_core.package_identification:_identify(src) by extensions ['ignore', 'ignore_ament_install']
[1.546s] Level 1:colcon.colcon_core.package_identification:_identify(src) by extension 'ignore'
[1.546s] Level 1:colcon.colcon_core.package_identification:_identify(src) by extension 'ignore_ament_install'
[1.546s] Level 1:colcon.colcon_core.package_identification:_identify(src) by extensions ['colcon_pkg']
[1.546s] Level 1:colcon.colcon_core.package_identification:_identify(src) by extension 'colcon_pkg'
[1.546s] Level 1:colcon.colcon_core.package_identification:_identify(src) by extensions ['colcon_meta']
[1.547s] Level 1:colcon.colcon_core.package_identification:_identify(src) by extension 'colcon_meta'
[1.547s] Level 1:colcon.colcon_core.package_identification:_identify(src) by extensions ['ros']
[1.547s] Level 1:colcon.colcon_core.package_identification:_identify(src) by extension 'ros'
[1.547s] Level 1:colcon.colcon_core.package_identification:_identify(src) by extensions ['cmake', 'python']
[1.547s] Level 1:colcon.colcon_core.package_identification:_identify(src) by extension 'cmake'
[1.547s] Level 1:colcon.colcon_core.package_identification:_identify(src) by extension 'python'
[1.547s] Level 1:colcon.colcon_core.package_identification:_identify(src) by extensions ['python_setup_py']
[1.547s] Level 1:colcon.colcon_core.package_identification:_identify(src) by extension 'python_setup_py'
[1.547s] Level 1:colcon.colcon_core.package_identification:_identify(src/cv_node) by extensions ['ignore', 'ignore_ament_install']
[1.547s] Level 1:colcon.colcon_core.package_identification:_identify(src/cv_node) by extension 'ignore'
[1.547s] Level 1:colcon.colcon_core.package_identification:_identify(src/cv_node) by extension 'ignore_ament_install'
[1.547s] Level 1:colcon.colcon_core.package_identification:_identify(src/cv_node) by extensions ['colcon_pkg']
[1.547s] Level 1:colcon.colcon_core.package_identification:_identify(src/cv_node) by extension 'colcon_pkg'
[1.548s] Level 1:colcon.colcon_core.package_identification:_identify(src/cv_node) by extensions ['colcon_meta']
[1.548s] Level 1:colcon.colcon_core.package_identification:_identify(src/cv_node) by extension 'colcon_meta'
[1.548s] Level 1:colcon.colcon_core.package_identification:_identify(src/cv_node) by extensions ['ros']
[1.548s] Level 1:colcon.colcon_core.package_identification:_identify(src/cv_node) by extension 'ros'
[1.551s] DEBUG:colcon.colcon_core.package_identification:Package 'src/cv_node' with type 'ros.ament_python' and name 'cv_node'
[1.552s] Level 1:colcon.colcon_core.package_identification:_identify(src/drivable_area) by extensions ['ignore', 'ignore_ament_install']
[1.553s] Level 1:colcon.colcon_core.package_identification:_identify(src/drivable_area) by extension 'ignore'
[1.554s] Level 1:colcon.colcon_core.package_identification:_identify(src/drivable_area) by extension 'ignore_ament_install'
[1.554s] Level 1:colcon.colcon_core.package_identification:_identify(src/drivable_area) by extensions ['colcon_pkg']
[1.554s] Level 1:colcon.colcon_core.package_identification:_identify(src/drivable_area) by extension 'colcon_pkg'
[1.554s] Level 1:colcon.colcon_core.package_identification:_identify(src/drivable_area) by extensions ['colcon_meta']
[1.554s] Level 1:colcon.colcon_core.package_identification:_identify(src/drivable_area) by extension 'colcon_meta'
[1.555s] Level 1:colcon.colcon_core.package_identification:_identify(src/drivable_area) by extensions ['ros']
[1.555s] Level 1:colcon.colcon_core.package_identification:_identify(src/drivable_area) by extension 'ros'
[1.561s] DEBUG:colcon.colcon_core.package_identification:Package 'src/drivable_area' with type 'ros.ament_python' and name 'drivable_area'
[1.562s] Level 1:colcon.colcon_core.package_discovery:discover_packages(recursive) using defaults
[1.562s] Level 1:colcon.colcon_core.package_discovery:discover_packages(ignore) discover
[1.562s] Level 1:colcon.colcon_core.package_discovery:discover_packages(ignore) using defaults
[1.562s] Level 1:colcon.colcon_core.package_discovery:discover_packages(path) discover
[1.562s] Level 1:colcon.colcon_core.package_discovery:discover_packages(path) using defaults
[1.696s] Level 1:colcon.colcon_core.package_discovery:discover_packages(prefix_path) check parameters
[1.697s] Level 1:colcon.colcon_core.package_discovery:discover_packages(prefix_path) discover
[1.727s] DEBUG:colcon.colcon_installed_package_information.package_discovery:Found 270 installed packages in /opt/ros/humble
[1.728s] Level 1:colcon.colcon_core.package_discovery:discover_packages(prefix_path) using defaults
[1.812s] Level 5:colcon.colcon_core.verb:set package 'cv_node' build argument 'cmake_args' from command line to 'None'
[1.812s] Level 5:colcon.colcon_core.verb:set package 'cv_node' build argument 'cmake_target' from command line to 'None'
[1.812s] Level 5:colcon.colcon_core.verb:set package 'cv_node' build argument 'cmake_target_skip_unavailable' from command line to 'False'
[1.812s] Level 5:colcon.colcon_core.verb:set package 'cv_node' build argument 'cmake_clean_cache' from command line to 'False'
[1.812s] Level 5:colcon.colcon_core.verb:set package 'cv_node' build argument 'cmake_clean_first' from command line to 'False'
[1.812s] Level 5:colcon.colcon_core.verb:set package 'cv_node' build argument 'cmake_force_configure' from command line to 'False'
[1.812s] Level 5:colcon.colcon_core.verb:set package 'cv_node' build argument 'ament_cmake_args' from command line to 'None'
[1.812s] Level 5:colcon.colcon_core.verb:set package 'cv_node' build argument 'catkin_cmake_args' from command line to 'None'
[1.812s] Level 5:colcon.colcon_core.verb:set package 'cv_node' build argument 'catkin_skip_building_tests' from command line to 'False'
[1.812s] DEBUG:colcon.colcon_core.verb:Building package 'cv_node' with the following arguments: {'ament_cmake_args': None, 'build_base': '/home/jmcfee/arv/cv-nav-integration/build/cv_node', 'catkin_cmake_args': None, 'catkin_skip_building_tests': False, 'cmake_args': None, 'cmake_clean_cache': False, 'cmake_clean_first': False, 'cmake_force_configure': False, 'cmake_target': None, 'cmake_target_skip_unavailable': False, 'install_base': '/home/jmcfee/arv/cv-nav-integration/install/cv_node', 'merge_install': False, 'path': '/home/jmcfee/arv/cv-nav-integration/src/cv_node', 'symlink_install': False, 'test_result_base': None}
[1.825s] Level 5:colcon.colcon_core.verb:set package 'drivable_area' build argument 'cmake_args' from command line to 'None'
[1.825s] Level 5:colcon.colcon_core.verb:set package 'drivable_area' build argument 'cmake_target' from command line to 'None'
[1.825s] Level 5:colcon.colcon_core.verb:set package 'drivable_area' build argument 'cmake_target_skip_unavailable' from command line to 'False'
[1.825s] Level 5:colcon.colcon_core.verb:set package 'drivable_area' build argument 'cmake_clean_cache' from command line to 'False'
[1.825s] Level 5:colcon.colcon_core.verb:set package 'drivable_area' build argument 'cmake_clean_first' from command line to 'False'
[1.825s] Level 5:colcon.colcon_core.verb:set package 'drivable_area' build argument 'cmake_force_configure' from command line to 'False'
[1.825s] Level 5:colcon.colcon_core.verb:set package 'drivable_area' build argument 'ament_cmake_args' from command line to 'None'
[1.825s] Level 5:colcon.colcon_core.verb:set package 'drivable_area' build argument 'catkin_cmake_args' from command line to 'None'
[1.825s] Level 5:colcon.colcon_core.verb:set package 'drivable_area' build argument 'catkin_skip_building_tests' from command line to 'False'
[1.825s] DEBUG:colcon.colcon_core.verb:Building package 'drivable_area' with the following arguments: {'ament_cmake_args': None, 'build_base': '/home/jmcfee/arv/cv-nav-integration/build/drivable_area', 'catkin_cmake_args': None, 'catkin_skip_building_tests': False, 'cmake_args': None, 'cmake_clean_cache': False, 'cmake_clean_first': False, 'cmake_force_configure': False, 'cmake_target': None, 'cmake_target_skip_unavailable': False, 'install_base': '/home/jmcfee/arv/cv-nav-integration/install/drivable_area', 'merge_install': False, 'path': '/home/jmcfee/arv/cv-nav-integration/src/drivable_area', 'symlink_install': False, 'test_result_base': None}
[1.838s] INFO:colcon.colcon_core.executor:Executing jobs using 'parallel' executor
[1.860s] DEBUG:colcon.colcon_parallel_executor.executor.parallel:run_until_complete
[1.861s] INFO:colcon.colcon_ros.task.ament_python.build:Building ROS package in '/home/jmcfee/arv/cv-nav-integration/src/cv_node' with build type 'ament_python'
[1.862s] Level 1:colcon.colcon_core.shell:create_environment_hook('cv_node', 'ament_prefix_path')
[1.878s] INFO:colcon.colcon_core.plugin_system:Skipping extension 'colcon_core.shell.bat': Not used on non-Windows systems
[1.878s] INFO:colcon.colcon_core.shell:Creating environment hook '/home/jmcfee/arv/cv-nav-integration/install/cv_node/share/cv_node/hook/ament_prefix_path.ps1'
[1.879s] INFO:colcon.colcon_core.shell:Creating environment descriptor '/home/jmcfee/arv/cv-nav-integration/install/cv_node/share/cv_node/hook/ament_prefix_path.dsv'
[1.879s] INFO:colcon.colcon_core.shell:Creating environment hook '/home/jmcfee/arv/cv-nav-integration/install/cv_node/share/cv_node/hook/ament_prefix_path.sh'
[1.893s] INFO:colcon.colcon_core.shell:Skip shell extension 'powershell' for command environment: Not usable outside of PowerShell
[1.893s] DEBUG:colcon.colcon_core.shell:Skip shell extension 'dsv' for command environment
[1.936s] INFO:colcon.colcon_ros.task.ament_python.build:Building ROS package in '/home/jmcfee/arv/cv-nav-integration/src/drivable_area' with build type 'ament_python'
[1.936s] Level 1:colcon.colcon_core.shell:create_environment_hook('drivable_area', 'ament_prefix_path')
[1.969s] INFO:colcon.colcon_core.shell:Creating environment hook '/home/jmcfee/arv/cv-nav-integration/install/drivable_area/share/drivable_area/hook/ament_prefix_path.ps1'
[1.970s] INFO:colcon.colcon_core.shell:Creating environment descriptor '/home/jmcfee/arv/cv-nav-integration/install/drivable_area/share/drivable_area/hook/ament_prefix_path.dsv'
[1.970s] INFO:colcon.colcon_core.shell:Creating environment hook '/home/jmcfee/arv/cv-nav-integration/install/drivable_area/share/drivable_area/hook/ament_prefix_path.sh'
[1.997s] INFO:colcon.colcon_core.shell:Skip shell extension 'powershell' for command environment: Not usable outside of PowerShell
[1.997s] DEBUG:colcon.colcon_core.shell:Skip shell extension 'dsv' for command environment
[2.326s] INFO:colcon.colcon_core.task.python.build:Building Python package in '/home/jmcfee/arv/cv-nav-integration/src/cv_node'
[2.343s] INFO:colcon.colcon_core.shell:Skip shell extension 'powershell' for command environment: Not usable outside of PowerShell
[2.343s] DEBUG:colcon.colcon_core.shell:Skip shell extension 'dsv' for command environment
[2.721s] INFO:colcon.colcon_core.task.python.build:Building Python package in '/home/jmcfee/arv/cv-nav-integration/src/drivable_area'
[2.735s] INFO:colcon.colcon_core.shell:Skip shell extension 'powershell' for command environment: Not usable outside of PowerShell
[2.735s] DEBUG:colcon.colcon_core.shell:Skip shell extension 'dsv' for command environment
[3.141s] DEBUG:colcon.colcon_core.event_handler.log_command:Invoking command in '/home/jmcfee/arv/cv-nav-integration/src/cv_node': PYTHONPATH=/home/jmcfee/arv/cv-nav-integration/build/cv_node/prefix_override:/home/jmcfee/arv/cv-nav-integration/install/cv_node/lib/python3.10/site-packages:${PYTHONPATH} /usr/bin/python3 setup.py egg_info --egg-base ../../build/cv_node build --build-base /home/jmcfee/arv/cv-nav-integration/build/cv_node/build install --record /home/jmcfee/arv/cv-nav-integration/build/cv_node/install.log --single-version-externally-managed
[3.148s] DEBUG:colcon.colcon_core.event_handler.log_command:Invoking command in '/home/jmcfee/arv/cv-nav-integration/src/drivable_area': PYTHONPATH=/home/jmcfee/arv/cv-nav-integration/build/drivable_area/prefix_override:/home/jmcfee/arv/cv-nav-integration/install/drivable_area/lib/python3.10/site-packages:${PYTHONPATH} /usr/bin/python3 setup.py egg_info --egg-base ../../build/drivable_area build --build-base /home/jmcfee/arv/cv-nav-integration/build/drivable_area/build install --record /home/jmcfee/arv/cv-nav-integration/build/drivable_area/install.log --single-version-externally-managed
[3.445s] DEBUG:colcon.colcon_core.event_handler.log_command:Invoked command in '/home/jmcfee/arv/cv-nav-integration/src/cv_node' returned '0': PYTHONPATH=/home/jmcfee/arv/cv-nav-integration/build/cv_node/prefix_override:/home/jmcfee/arv/cv-nav-integration/install/cv_node/lib/python3.10/site-packages:${PYTHONPATH} /usr/bin/python3 setup.py egg_info --egg-base ../../build/cv_node build --build-base /home/jmcfee/arv/cv-nav-integration/build/cv_node/build install --record /home/jmcfee/arv/cv-nav-integration/build/cv_node/install.log --single-version-externally-managed
[3.460s] Level 1:colcon.colcon_core.environment:checking '/home/jmcfee/arv/cv-nav-integration/install/cv_node' for CMake module files
[3.460s] Level 1:colcon.colcon_core.environment:checking '/home/jmcfee/arv/cv-nav-integration/install/cv_node' for CMake config files
[3.461s] Level 1:colcon.colcon_core.environment:checking '/home/jmcfee/arv/cv-nav-integration/install/cv_node/lib'
[3.461s] Level 1:colcon.colcon_core.environment:checking '/home/jmcfee/arv/cv-nav-integration/install/cv_node/bin'
[3.461s] Level 1:colcon.colcon_core.environment:checking '/home/jmcfee/arv/cv-nav-integration/install/cv_node/lib/pkgconfig/cv_node.pc'
[3.462s] Level 1:colcon.colcon_core.environment:checking '/home/jmcfee/arv/cv-nav-integration/install/cv_node/lib/python3.10/site-packages'
[3.462s] Level 1:colcon.colcon_core.shell:create_environment_hook('cv_node', 'pythonpath')
[3.475s] INFO:colcon.colcon_core.shell:Creating environment hook '/home/jmcfee/arv/cv-nav-integration/install/cv_node/share/cv_node/hook/pythonpath.ps1'
[3.475s] INFO:colcon.colcon_core.shell:Creating environment descriptor '/home/jmcfee/arv/cv-nav-integration/install/cv_node/share/cv_node/hook/pythonpath.dsv'
[3.476s] INFO:colcon.colcon_core.shell:Creating environment hook '/home/jmcfee/arv/cv-nav-integration/install/cv_node/share/cv_node/hook/pythonpath.sh'
[3.477s] Level 1:colcon.colcon_core.environment:checking '/home/jmcfee/arv/cv-nav-integration/install/cv_node/bin'
[3.477s] Level 1:colcon.colcon_core.environment:create_environment_scripts_only(cv_node)
[3.492s] INFO:colcon.colcon_core.shell:Creating package script '/home/jmcfee/arv/cv-nav-integration/install/cv_node/share/cv_node/package.ps1'
[3.493s] INFO:colcon.colcon_core.shell:Creating package descriptor '/home/jmcfee/arv/cv-nav-integration/install/cv_node/share/cv_node/package.dsv'
[3.493s] INFO:colcon.colcon_core.shell:Creating package script '/home/jmcfee/arv/cv-nav-integration/install/cv_node/share/cv_node/package.sh'
[3.494s] INFO:colcon.colcon_core.shell:Creating package script '/home/jmcfee/arv/cv-nav-integration/install/cv_node/share/cv_node/package.bash'
[3.495s] INFO:colcon.colcon_core.shell:Creating package script '/home/jmcfee/arv/cv-nav-integration/install/cv_node/share/cv_node/package.zsh'
[3.496s] Level 1:colcon.colcon_core.environment:create_file_with_runtime_dependencies(/home/jmcfee/arv/cv-nav-integration/install/cv_node/share/colcon-core/packages/cv_node)
[3.500s] DEBUG:colcon.colcon_core.event_handler.log_command:Invoked command in '/home/jmcfee/arv/cv-nav-integration/src/drivable_area' returned '0': PYTHONPATH=/home/jmcfee/arv/cv-nav-integration/build/drivable_area/prefix_override:/home/jmcfee/arv/cv-nav-integration/install/drivable_area/lib/python3.10/site-packages:${PYTHONPATH} /usr/bin/python3 setup.py egg_info --egg-base ../../build/drivable_area build --build-base /home/jmcfee/arv/cv-nav-integration/build/drivable_area/build install --record /home/jmcfee/arv/cv-nav-integration/build/drivable_area/install.log --single-version-externally-managed
[3.519s] Level 1:colcon.colcon_core.environment:checking '/home/jmcfee/arv/cv-nav-integration/install/drivable_area' for CMake module files
[3.519s] Level 1:colcon.colcon_core.environment:checking '/home/jmcfee/arv/cv-nav-integration/install/drivable_area' for CMake config files
[3.520s] Level 1:colcon.colcon_core.environment:checking '/home/jmcfee/arv/cv-nav-integration/install/drivable_area/lib'
[3.520s] Level 1:colcon.colcon_core.environment:checking '/home/jmcfee/arv/cv-nav-integration/install/drivable_area/bin'
[3.520s] Level 1:colcon.colcon_core.environment:checking '/home/jmcfee/arv/cv-nav-integration/install/drivable_area/lib/pkgconfig/drivable_area.pc'
[3.520s] Level 1:colcon.colcon_core.environment:checking '/home/jmcfee/arv/cv-nav-integration/install/drivable_area/lib/python3.10/site-packages'
[3.520s] Level 1:colcon.colcon_core.shell:create_environment_hook('drivable_area', 'pythonpath')
[3.534s] INFO:colcon.colcon_core.shell:Creating environment hook '/home/jmcfee/arv/cv-nav-integration/install/drivable_area/share/drivable_area/hook/pythonpath.ps1'
[3.534s] INFO:colcon.colcon_core.shell:Creating environment descriptor '/home/jmcfee/arv/cv-nav-integration/install/drivable_area/share/drivable_area/hook/pythonpath.dsv'
[3.535s] INFO:colcon.colcon_core.shell:Creating environment hook '/home/jmcfee/arv/cv-nav-integration/install/drivable_area/share/drivable_area/hook/pythonpath.sh'
[3.535s] Level 1:colcon.colcon_core.environment:checking '/home/jmcfee/arv/cv-nav-integration/install/drivable_area/bin'
[3.535s] Level 1:colcon.colcon_core.environment:create_environment_scripts_only(drivable_area)
[3.557s] INFO:colcon.colcon_core.shell:Creating package script '/home/jmcfee/arv/cv-nav-integration/install/drivable_area/share/drivable_area/package.ps1'
[3.558s] INFO:colcon.colcon_core.shell:Creating package descriptor '/home/jmcfee/arv/cv-nav-integration/install/drivable_area/share/drivable_area/package.dsv'
[3.559s] INFO:colcon.colcon_core.shell:Creating package script '/home/jmcfee/arv/cv-nav-integration/install/drivable_area/share/drivable_area/package.sh'
[3.560s] INFO:colcon.colcon_core.shell:Creating package script '/home/jmcfee/arv/cv-nav-integration/install/drivable_area/share/drivable_area/package.bash'
[3.561s] INFO:colcon.colcon_core.shell:Creating package script '/home/jmcfee/arv/cv-nav-integration/install/drivable_area/share/drivable_area/package.zsh'
[3.562s] Level 1:colcon.colcon_core.environment:create_file_with_runtime_dependencies(/home/jmcfee/arv/cv-nav-integration/install/drivable_area/share/colcon-core/packages/drivable_area)
[3.563s] DEBUG:colcon.colcon_parallel_executor.executor.parallel:closing loop
[3.563s] DEBUG:colcon.colcon_parallel_executor.executor.parallel:loop closed
[3.565s] DEBUG:colcon.colcon_parallel_executor.executor.parallel:run_until_complete finished with '0'
[3.565s] DEBUG:colcon.colcon_core.event_reactor:joining thread
[3.798s] INFO:colcon.colcon_core.plugin_system:Skipping extension 'colcon_notification.desktop_notification.notify_send': Could not find 'notify-send'
[3.799s] INFO:colcon.colcon_core.plugin_system:Skipping extension 'colcon_notification.desktop_notification.terminal_notifier': Not used on non-Darwin systems
[3.799s] INFO:colcon.colcon_core.plugin_system:Skipping extension 'colcon_notification.desktop_notification.win32': Not used on non-Windows systems
[3.799s] INFO:colcon.colcon_notification.desktop_notification:Sending desktop notification using 'notify2'
[3.811s] DEBUG:colcon.colcon_notification.desktop_notification.notify2:Failed to initialize notify2: org.freedesktop.DBus.Error.ServiceUnknown: The name org.freedesktop.Notifications was not provided by any .service files
[3.812s] DEBUG:colcon.colcon_core.event_reactor:joined thread
[3.832s] INFO:colcon.colcon_core.shell:Creating prefix script '/home/jmcfee/arv/cv-nav-integration/install/local_setup.ps1'
[3.833s] INFO:colcon.colcon_core.shell:Creating prefix util module '/home/jmcfee/arv/cv-nav-integration/install/_local_setup_util_ps1.py'
[3.835s] INFO:colcon.colcon_core.shell:Creating prefix chain script '/home/jmcfee/arv/cv-nav-integration/install/setup.ps1'
[3.849s] INFO:colcon.colcon_core.shell:Creating prefix script '/home/jmcfee/arv/cv-nav-integration/install/local_setup.sh'
[3.849s] INFO:colcon.colcon_core.shell:Creating prefix util module '/home/jmcfee/arv/cv-nav-integration/install/_local_setup_util_sh.py'
[3.850s] INFO:colcon.colcon_core.shell:Creating prefix chain script '/home/jmcfee/arv/cv-nav-integration/install/setup.sh'
[3.863s] INFO:colcon.colcon_core.shell:Creating prefix script '/home/jmcfee/arv/cv-nav-integration/install/local_setup.bash'
[3.863s] INFO:colcon.colcon_core.shell:Creating prefix chain script '/home/jmcfee/arv/cv-nav-integration/install/setup.bash'
[3.878s] INFO:colcon.colcon_core.shell:Creating prefix script '/home/jmcfee/arv/cv-nav-integration/install/local_setup.zsh'
[3.878s] INFO:colcon.colcon_core.shell:Creating prefix chain script '/home/jmcfee/arv/cv-nav-integration/install/setup.zsh'
