[1.629s] DEBUG:colcon:Command line arguments: ['/usr/bin/colcon', 'build']
[1.629s] DEBUG:colcon:Parsed command line arguments: Namespace(log_base=None, log_level=None, verb_name='build', build_base='build', install_base='install', merge_install=False, symlink_install=False, test_result_base=None, continue_on_error=False, executor='parallel', parallel_workers=16, event_handlers=None, ignore_user_meta=False, metas=['./colcon.meta'], base_paths=['.'], packages_ignore=None, packages_ignore_regex=None, paths=None, packages_up_to=None, packages_up_to_regex=None, packages_above=None, packages_above_and_dependencies=None, packages_above_depth=None, packages_select_by_dep=None, packages_skip_by_dep=None, packages_skip_up_to=None, packages_select_build_failed=False, packages_skip_build_finished=False, packages_select_test_failures=False, packages_skip_test_passed=False, packages_select=None, packages_skip=None, packages_select_regex=None, packages_skip_regex=None, packages_start=None, packages_end=None, allow_overriding=[], cmake_args=None, cmake_target=None, cmake_target_skip_unavailable=False, cmake_clean_cache=False, cmake_clean_first=False, cmake_force_configure=False, ament_cmake_args=None, catkin_cmake_args=None, catkin_skip_building_tests=False, verb_parser=<colcon_defaults.argument_parser.defaults.DefaultArgumentsDecorator object at 0x7f62328d9db0>, verb_extension=<colcon_core.verb.build.BuildVerb object at 0x7f6232f13c40>, main=<bound method BuildVerb.main of <colcon_core.verb.build.BuildVerb object at 0x7f6232f13c40>>)
[1.673s] Level 1:colcon.colcon_core.package_discovery:discover_packages(colcon_meta) check parameters
[1.673s] Level 1:colcon.colcon_core.package_discovery:discover_packages(recursive) check parameters
[1.673s] Level 1:colcon.colcon_core.package_discovery:discover_packages(ignore) check parameters
[1.673s] Level 1:colcon.colcon_core.package_discovery:discover_packages(path) check parameters
[1.673s] Level 1:colcon.colcon_core.package_discovery:discover_packages(colcon_meta) discover
[1.673s] Level 1:colcon.colcon_core.package_discovery:discover_packages(recursive) discover
[1.673s] INFO:colcon.colcon_core.package_discovery:Crawling recursively for packages in '/home/jmcfee/arv/cv-nav-integration'
[1.674s] Level 1:colcon.colcon_core.package_identification:_identify(.) by extensions ['ignore', 'ignore_ament_install']
[1.674s] Level 1:colcon.colcon_core.package_identification:_identify(.) by extension 'ignore'
[1.674s] Level 1:colcon.colcon_core.package_identification:_identify(.) by extension 'ignore_ament_install'
[1.674s] Level 1:colcon.colcon_core.package_identification:_identify(.) by extensions ['colcon_pkg']
[1.674s] Level 1:colcon.colcon_core.package_identification:_identify(.) by extension 'colcon_pkg'
[1.674s] Level 1:colcon.colcon_core.package_identification:_identify(.) by extensions ['colcon_meta']
[1.674s] Level 1:colcon.colcon_core.package_identification:_identify(.) by extension 'colcon_meta'
[1.674s] Level 1:colcon.colcon_core.package_identification:_identify(.) by extensions ['ros']
[1.674s] Level 1:colcon.colcon_core.package_identification:_identify(.) by extension 'ros'
[1.684s] Level 1:colcon.colcon_core.package_identification:_identify(.) by extensions ['cmake', 'python']
[1.685s] Level 1:colcon.colcon_core.package_identification:_identify(.) by extension 'cmake'
[1.685s] Level 1:colcon.colcon_core.package_identification:_identify(.) by extension 'python'
[1.685s] Level 1:colcon.colcon_core.package_identification:_identify(.) by extensions ['python_setup_py']
[1.685s] Level 1:colcon.colcon_core.package_identification:_identify(.) by extension 'python_setup_py'
[1.685s] Level 1:colcon.colcon_core.package_identification:_identify(build) by extensions ['ignore', 'ignore_ament_install']
[1.685s] Level 1:colcon.colcon_core.package_identification:_identify(build) by extension 'ignore'
[1.685s] Level 1:colcon.colcon_core.package_identification:_identify(build) ignored
[1.685s] Level 1:colcon.colcon_core.package_identification:_identify(install) by extensions ['ignore', 'ignore_ament_install']
[1.685s] Level 1:colcon.colcon_core.package_identification:_identify(install) by extension 'ignore'
[1.685s] Level 1:colcon.colcon_core.package_identification:_identify(install) ignored
[1.685s] Level 1:colcon.colcon_core.package_identification:_identify(log) by extensions ['ignore', 'ignore_ament_install']
[1.685s] Level 1:colcon.colcon_core.package_identification:_identify(log) by extension 'ignore'
[1.686s] Level 1:colcon.colcon_core.package_identification:_identify(log) ignored
[1.686s] Level 1:colcon.colcon_core.package_identification:_identify(src) by extensions ['ignore', 'ignore_ament_install']
[1.686s] Level 1:colcon.colcon_core.package_identification:_identify(src) by extension 'ignore'
[1.686s] Level 1:colcon.colcon_core.package_identification:_identify(src) by extension 'ignore_ament_install'
[1.686s] Level 1:colcon.colcon_core.package_identification:_identify(src) by extensions ['colcon_pkg']
[1.686s] Level 1:colcon.colcon_core.package_identification:_identify(src) by extension 'colcon_pkg'
[1.686s] Level 1:colcon.colcon_core.package_identification:_identify(src) by extensions ['colcon_meta']
[1.686s] Level 1:colcon.colcon_core.package_identification:_identify(src) by extension 'colcon_meta'
[1.686s] Level 1:colcon.colcon_core.package_identification:_identify(src) by extensions ['ros']
[1.686s] Level 1:colcon.colcon_core.package_identification:_identify(src) by extension 'ros'
[1.686s] Level 1:colcon.colcon_core.package_identification:_identify(src) by extensions ['cmake', 'python']
[1.686s] Level 1:colcon.colcon_core.package_identification:_identify(src) by extension 'cmake'
[1.686s] Level 1:colcon.colcon_core.package_identification:_identify(src) by extension 'python'
[1.686s] Level 1:colcon.colcon_core.package_identification:_identify(src) by extensions ['python_setup_py']
[1.686s] Level 1:colcon.colcon_core.package_identification:_identify(src) by extension 'python_setup_py'
[1.686s] Level 1:colcon.colcon_core.package_identification:_identify(src/cv_node) by extensions ['ignore', 'ignore_ament_install']
[1.687s] Level 1:colcon.colcon_core.package_identification:_identify(src/cv_node) by extension 'ignore'
[1.687s] Level 1:colcon.colcon_core.package_identification:_identify(src/cv_node) by extension 'ignore_ament_install'
[1.687s] Level 1:colcon.colcon_core.package_identification:_identify(src/cv_node) by extensions ['colcon_pkg']
[1.687s] Level 1:colcon.colcon_core.package_identification:_identify(src/cv_node) by extension 'colcon_pkg'
[1.687s] Level 1:colcon.colcon_core.package_identification:_identify(src/cv_node) by extensions ['colcon_meta']
[1.687s] Level 1:colcon.colcon_core.package_identification:_identify(src/cv_node) by extension 'colcon_meta'
[1.687s] Level 1:colcon.colcon_core.package_identification:_identify(src/cv_node) by extensions ['ros']
[1.687s] Level 1:colcon.colcon_core.package_identification:_identify(src/cv_node) by extension 'ros'
[1.689s] DEBUG:colcon.colcon_core.package_identification:Package 'src/cv_node' with type 'ros.ament_python' and name 'cv_node'
[1.689s] Level 1:colcon.colcon_core.package_identification:_identify(src/drivable_area) by extensions ['ignore', 'ignore_ament_install']
[1.689s] Level 1:colcon.colcon_core.package_identification:_identify(src/drivable_area) by extension 'ignore'
[1.690s] Level 1:colcon.colcon_core.package_identification:_identify(src/drivable_area) by extension 'ignore_ament_install'
[1.690s] Level 1:colcon.colcon_core.package_identification:_identify(src/drivable_area) by extensions ['colcon_pkg']
[1.690s] Level 1:colcon.colcon_core.package_identification:_identify(src/drivable_area) by extension 'colcon_pkg'
[1.690s] Level 1:colcon.colcon_core.package_identification:_identify(src/drivable_area) by extensions ['colcon_meta']
[1.690s] Level 1:colcon.colcon_core.package_identification:_identify(src/drivable_area) by extension 'colcon_meta'
[1.690s] Level 1:colcon.colcon_core.package_identification:_identify(src/drivable_area) by extensions ['ros']
[1.690s] Level 1:colcon.colcon_core.package_identification:_identify(src/drivable_area) by extension 'ros'
[1.690s] DEBUG:colcon.colcon_core.package_identification:Package 'src/drivable_area' with type 'ros.ament_python' and name 'drivable_area'
[1.691s] Level 1:colcon.colcon_core.package_discovery:discover_packages(recursive) using defaults
[1.691s] Level 1:colcon.colcon_core.package_discovery:discover_packages(ignore) discover
[1.691s] Level 1:colcon.colcon_core.package_discovery:discover_packages(ignore) using defaults
[1.691s] Level 1:colcon.colcon_core.package_discovery:discover_packages(path) discover
[1.691s] Level 1:colcon.colcon_core.package_discovery:discover_packages(path) using defaults
[1.783s] Level 1:colcon.colcon_core.package_discovery:discover_packages(prefix_path) check parameters
[1.784s] Level 1:colcon.colcon_core.package_discovery:discover_packages(prefix_path) discover
[1.814s] DEBUG:colcon.colcon_installed_package_information.package_discovery:Found 2 installed packages in /home/jmcfee/arv/cv-nav-integration/install
[1.831s] DEBUG:colcon.colcon_installed_package_information.package_discovery:Found 270 installed packages in /opt/ros/humble
[1.833s] Level 1:colcon.colcon_core.package_discovery:discover_packages(prefix_path) using defaults
[1.926s] Level 5:colcon.colcon_core.verb:set package 'cv_node' build argument 'cmake_args' from command line to 'None'
[1.927s] Level 5:colcon.colcon_core.verb:set package 'cv_node' build argument 'cmake_target' from command line to 'None'
[1.927s] Level 5:colcon.colcon_core.verb:set package 'cv_node' build argument 'cmake_target_skip_unavailable' from command line to 'False'
[1.927s] Level 5:colcon.colcon_core.verb:set package 'cv_node' build argument 'cmake_clean_cache' from command line to 'False'
[1.927s] Level 5:colcon.colcon_core.verb:set package 'cv_node' build argument 'cmake_clean_first' from command line to 'False'
[1.927s] Level 5:colcon.colcon_core.verb:set package 'cv_node' build argument 'cmake_force_configure' from command line to 'False'
[1.927s] Level 5:colcon.colcon_core.verb:set package 'cv_node' build argument 'ament_cmake_args' from command line to 'None'
[1.927s] Level 5:colcon.colcon_core.verb:set package 'cv_node' build argument 'catkin_cmake_args' from command line to 'None'
[1.927s] Level 5:colcon.colcon_core.verb:set package 'cv_node' build argument 'catkin_skip_building_tests' from command line to 'False'
[1.927s] DEBUG:colcon.colcon_core.verb:Building package 'cv_node' with the following arguments: {'ament_cmake_args': None, 'build_base': '/home/jmcfee/arv/cv-nav-integration/build/cv_node', 'catkin_cmake_args': None, 'catkin_skip_building_tests': False, 'cmake_args': None, 'cmake_clean_cache': False, 'cmake_clean_first': False, 'cmake_force_configure': False, 'cmake_target': None, 'cmake_target_skip_unavailable': False, 'install_base': '/home/jmcfee/arv/cv-nav-integration/install/cv_node', 'merge_install': False, 'path': '/home/jmcfee/arv/cv-nav-integration/src/cv_node', 'symlink_install': False, 'test_result_base': None}
[1.947s] Level 5:colcon.colcon_core.verb:set package 'drivable_area' build argument 'cmake_args' from command line to 'None'
[1.948s] Level 5:colcon.colcon_core.verb:set package 'drivable_area' build argument 'cmake_target' from command line to 'None'
[1.948s] Level 5:colcon.colcon_core.verb:set package 'drivable_area' build argument 'cmake_target_skip_unavailable' from command line to 'False'
[1.948s] Level 5:colcon.colcon_core.verb:set package 'drivable_area' build argument 'cmake_clean_cache' from command line to 'False'
[1.948s] Level 5:colcon.colcon_core.verb:set package 'drivable_area' build argument 'cmake_clean_first' from command line to 'False'
[1.948s] Level 5:colcon.colcon_core.verb:set package 'drivable_area' build argument 'cmake_force_configure' from command line to 'False'
[1.948s] Level 5:colcon.colcon_core.verb:set package 'drivable_area' build argument 'ament_cmake_args' from command line to 'None'
[1.948s] Level 5:colcon.colcon_core.verb:set package 'drivable_area' build argument 'catkin_cmake_args' from command line to 'None'
[1.948s] Level 5:colcon.colcon_core.verb:set package 'drivable_area' build argument 'catkin_skip_building_tests' from command line to 'False'
[1.948s] DEBUG:colcon.colcon_core.verb:Building package 'drivable_area' with the following arguments: {'ament_cmake_args': None, 'build_base': '/home/jmcfee/arv/cv-nav-integration/build/drivable_area', 'catkin_cmake_args': None, 'catkin_skip_building_tests': False, 'cmake_args': None, 'cmake_clean_cache': False, 'cmake_clean_first': False, 'cmake_force_configure': False, 'cmake_target': None, 'cmake_target_skip_unavailable': False, 'install_base': '/home/jmcfee/arv/cv-nav-integration/install/drivable_area', 'merge_install': False, 'path': '/home/jmcfee/arv/cv-nav-integration/src/drivable_area', 'symlink_install': False, 'test_result_base': None}
[1.961s] INFO:colcon.colcon_core.executor:Executing jobs using 'parallel' executor
[1.980s] DEBUG:colcon.colcon_parallel_executor.executor.parallel:run_until_complete
[1.981s] INFO:colcon.colcon_ros.task.ament_python.build:Building ROS package in '/home/jmcfee/arv/cv-nav-integration/src/cv_node' with build type 'ament_python'
[1.981s] Level 1:colcon.colcon_core.shell:create_environment_hook('cv_node', 'ament_prefix_path')
[2.006s] INFO:colcon.colcon_core.plugin_system:Skipping extension 'colcon_core.shell.bat': Not used on non-Windows systems
[2.006s] INFO:colcon.colcon_core.shell:Creating environment hook '/home/jmcfee/arv/cv-nav-integration/install/cv_node/share/cv_node/hook/ament_prefix_path.ps1'
[2.007s] INFO:colcon.colcon_core.shell:Creating environment descriptor '/home/jmcfee/arv/cv-nav-integration/install/cv_node/share/cv_node/hook/ament_prefix_path.dsv'
[2.008s] INFO:colcon.colcon_core.shell:Creating environment hook '/home/jmcfee/arv/cv-nav-integration/install/cv_node/share/cv_node/hook/ament_prefix_path.sh'
[2.031s] INFO:colcon.colcon_core.shell:Skip shell extension 'powershell' for command environment: Not usable outside of PowerShell
[2.031s] DEBUG:colcon.colcon_core.shell:Skip shell extension 'dsv' for command environment
[2.107s] INFO:colcon.colcon_ros.task.ament_python.build:Building ROS package in '/home/jmcfee/arv/cv-nav-integration/src/drivable_area' with build type 'ament_python'
[2.107s] Level 1:colcon.colcon_core.shell:create_environment_hook('drivable_area', 'ament_prefix_path')
[2.121s] INFO:colcon.colcon_core.shell:Creating environment hook '/home/jmcfee/arv/cv-nav-integration/install/drivable_area/share/drivable_area/hook/ament_prefix_path.ps1'
[2.121s] INFO:colcon.colcon_core.shell:Creating environment descriptor '/home/jmcfee/arv/cv-nav-integration/install/drivable_area/share/drivable_area/hook/ament_prefix_path.dsv'
[2.122s] INFO:colcon.colcon_core.shell:Creating environment hook '/home/jmcfee/arv/cv-nav-integration/install/drivable_area/share/drivable_area/hook/ament_prefix_path.sh'
[2.136s] INFO:colcon.colcon_core.shell:Skip shell extension 'powershell' for command environment: Not usable outside of PowerShell
[2.136s] DEBUG:colcon.colcon_core.shell:Skip shell extension 'dsv' for command environment
[2.470s] INFO:colcon.colcon_core.task.python.build:Building Python package in '/home/jmcfee/arv/cv-nav-integration/src/cv_node'
[2.489s] INFO:colcon.colcon_core.shell:Skip shell extension 'powershell' for command environment: Not usable outside of PowerShell
[2.489s] DEBUG:colcon.colcon_core.shell:Skip shell extension 'dsv' for command environment
[2.784s] INFO:colcon.colcon_core.task.python.build:Building Python package in '/home/jmcfee/arv/cv-nav-integration/src/drivable_area'
[2.799s] INFO:colcon.colcon_core.shell:Skip shell extension 'powershell' for command environment: Not usable outside of PowerShell
[2.799s] DEBUG:colcon.colcon_core.shell:Skip shell extension 'dsv' for command environment
[3.264s] DEBUG:colcon.colcon_core.event_handler.log_command:Invoking command in '/home/jmcfee/arv/cv-nav-integration/src/drivable_area': PYTHONPATH=/home/jmcfee/arv/cv-nav-integration/build/drivable_area/prefix_override:/home/jmcfee/arv/cv-nav-integration/install/drivable_area/lib/python3.10/site-packages:${PYTHONPATH} /usr/bin/python3 setup.py egg_info --egg-base ../../build/drivable_area build --build-base /home/jmcfee/arv/cv-nav-integration/build/drivable_area/build install --record /home/jmcfee/arv/cv-nav-integration/build/drivable_area/install.log --single-version-externally-managed
[3.271s] DEBUG:colcon.colcon_core.event_handler.log_command:Invoking command in '/home/jmcfee/arv/cv-nav-integration/src/cv_node': PYTHONPATH=/home/jmcfee/arv/cv-nav-integration/build/cv_node/prefix_override:/home/jmcfee/arv/cv-nav-integration/install/cv_node/lib/python3.10/site-packages:${PYTHONPATH} /usr/bin/python3 setup.py egg_info --egg-base ../../build/cv_node build --build-base /home/jmcfee/arv/cv-nav-integration/build/cv_node/build install --record /home/jmcfee/arv/cv-nav-integration/build/cv_node/install.log --single-version-externally-managed
[3.565s] DEBUG:colcon.colcon_core.event_handler.log_command:Invoked command in '/home/jmcfee/arv/cv-nav-integration/src/drivable_area' returned '0': PYTHONPATH=/home/jmcfee/arv/cv-nav-integration/build/drivable_area/prefix_override:/home/jmcfee/arv/cv-nav-integration/install/drivable_area/lib/python3.10/site-packages:${PYTHONPATH} /usr/bin/python3 setup.py egg_info --egg-base ../../build/drivable_area build --build-base /home/jmcfee/arv/cv-nav-integration/build/drivable_area/build install --record /home/jmcfee/arv/cv-nav-integration/build/drivable_area/install.log --single-version-externally-managed
[3.591s] Level 1:colcon.colcon_core.environment:checking '/home/jmcfee/arv/cv-nav-integration/install/drivable_area' for CMake module files
[3.593s] Level 1:colcon.colcon_core.environment:checking '/home/jmcfee/arv/cv-nav-integration/install/drivable_area' for CMake config files
[3.595s] Level 1:colcon.colcon_core.environment:checking '/home/jmcfee/arv/cv-nav-integration/install/drivable_area/lib'
[3.595s] Level 1:colcon.colcon_core.environment:checking '/home/jmcfee/arv/cv-nav-integration/install/drivable_area/bin'
[3.595s] Level 1:colcon.colcon_core.environment:checking '/home/jmcfee/arv/cv-nav-integration/install/drivable_area/lib/pkgconfig/drivable_area.pc'
[3.596s] Level 1:colcon.colcon_core.environment:checking '/home/jmcfee/arv/cv-nav-integration/install/drivable_area/lib/python3.10/site-packages'
[3.596s] Level 1:colcon.colcon_core.shell:create_environment_hook('drivable_area', 'pythonpath')
[3.616s] INFO:colcon.colcon_core.shell:Creating environment hook '/home/jmcfee/arv/cv-nav-integration/install/drivable_area/share/drivable_area/hook/pythonpath.ps1'
[3.617s] INFO:colcon.colcon_core.shell:Creating environment descriptor '/home/jmcfee/arv/cv-nav-integration/install/drivable_area/share/drivable_area/hook/pythonpath.dsv'
[3.617s] INFO:colcon.colcon_core.shell:Creating environment hook '/home/jmcfee/arv/cv-nav-integration/install/drivable_area/share/drivable_area/hook/pythonpath.sh'
[3.618s] Level 1:colcon.colcon_core.environment:checking '/home/jmcfee/arv/cv-nav-integration/install/drivable_area/bin'
[3.618s] Level 1:colcon.colcon_core.environment:create_environment_scripts_only(drivable_area)
[3.644s] INFO:colcon.colcon_core.shell:Creating package script '/home/jmcfee/arv/cv-nav-integration/install/drivable_area/share/drivable_area/package.ps1'
[3.646s] INFO:colcon.colcon_core.shell:Creating package descriptor '/home/jmcfee/arv/cv-nav-integration/install/drivable_area/share/drivable_area/package.dsv'
[3.647s] INFO:colcon.colcon_core.shell:Creating package script '/home/jmcfee/arv/cv-nav-integration/install/drivable_area/share/drivable_area/package.sh'
[3.648s] INFO:colcon.colcon_core.shell:Creating package script '/home/jmcfee/arv/cv-nav-integration/install/drivable_area/share/drivable_area/package.bash'
[3.650s] INFO:colcon.colcon_core.shell:Creating package script '/home/jmcfee/arv/cv-nav-integration/install/drivable_area/share/drivable_area/package.zsh'
[3.651s] Level 1:colcon.colcon_core.environment:create_file_with_runtime_dependencies(/home/jmcfee/arv/cv-nav-integration/install/drivable_area/share/colcon-core/packages/drivable_area)
[3.659s] DEBUG:colcon.colcon_core.event_handler.log_command:Invoked command in '/home/jmcfee/arv/cv-nav-integration/src/cv_node' returned '0': PYTHONPATH=/home/jmcfee/arv/cv-nav-integration/build/cv_node/prefix_override:/home/jmcfee/arv/cv-nav-integration/install/cv_node/lib/python3.10/site-packages:${PYTHONPATH} /usr/bin/python3 setup.py egg_info --egg-base ../../build/cv_node build --build-base /home/jmcfee/arv/cv-nav-integration/build/cv_node/build install --record /home/jmcfee/arv/cv-nav-integration/build/cv_node/install.log --single-version-externally-managed
[3.689s] Level 1:colcon.colcon_core.environment:checking '/home/jmcfee/arv/cv-nav-integration/install/cv_node' for CMake module files
[3.690s] Level 1:colcon.colcon_core.environment:checking '/home/jmcfee/arv/cv-nav-integration/install/cv_node' for CMake config files
[3.691s] Level 1:colcon.colcon_core.environment:checking '/home/jmcfee/arv/cv-nav-integration/install/cv_node/lib'
[3.692s] Level 1:colcon.colcon_core.environment:checking '/home/jmcfee/arv/cv-nav-integration/install/cv_node/bin'
[3.692s] Level 1:colcon.colcon_core.environment:checking '/home/jmcfee/arv/cv-nav-integration/install/cv_node/lib/pkgconfig/cv_node.pc'
[3.692s] Level 1:colcon.colcon_core.environment:checking '/home/jmcfee/arv/cv-nav-integration/install/cv_node/lib/python3.10/site-packages'
[3.692s] Level 1:colcon.colcon_core.shell:create_environment_hook('cv_node', 'pythonpath')
[3.717s] INFO:colcon.colcon_core.shell:Creating environment hook '/home/jmcfee/arv/cv-nav-integration/install/cv_node/share/cv_node/hook/pythonpath.ps1'
[3.718s] INFO:colcon.colcon_core.shell:Creating environment descriptor '/home/jmcfee/arv/cv-nav-integration/install/cv_node/share/cv_node/hook/pythonpath.dsv'
[3.719s] INFO:colcon.colcon_core.shell:Creating environment hook '/home/jmcfee/arv/cv-nav-integration/install/cv_node/share/cv_node/hook/pythonpath.sh'
[3.721s] Level 1:colcon.colcon_core.environment:checking '/home/jmcfee/arv/cv-nav-integration/install/cv_node/bin'
[3.721s] Level 1:colcon.colcon_core.environment:create_environment_scripts_only(cv_node)
[3.754s] INFO:colcon.colcon_core.shell:Creating package script '/home/jmcfee/arv/cv-nav-integration/install/cv_node/share/cv_node/package.ps1'
[3.755s] INFO:colcon.colcon_core.shell:Creating package descriptor '/home/jmcfee/arv/cv-nav-integration/install/cv_node/share/cv_node/package.dsv'
[3.756s] INFO:colcon.colcon_core.shell:Creating package script '/home/jmcfee/arv/cv-nav-integration/install/cv_node/share/cv_node/package.sh'
[3.757s] INFO:colcon.colcon_core.shell:Creating package script '/home/jmcfee/arv/cv-nav-integration/install/cv_node/share/cv_node/package.bash'
[3.757s] INFO:colcon.colcon_core.shell:Creating package script '/home/jmcfee/arv/cv-nav-integration/install/cv_node/share/cv_node/package.zsh'
[3.758s] Level 1:colcon.colcon_core.environment:create_file_with_runtime_dependencies(/home/jmcfee/arv/cv-nav-integration/install/cv_node/share/colcon-core/packages/cv_node)
[3.758s] DEBUG:colcon.colcon_parallel_executor.executor.parallel:closing loop
[3.759s] DEBUG:colcon.colcon_parallel_executor.executor.parallel:loop closed
[3.759s] DEBUG:colcon.colcon_parallel_executor.executor.parallel:run_until_complete finished with '0'
[3.759s] DEBUG:colcon.colcon_core.event_reactor:joining thread
[3.971s] INFO:colcon.colcon_core.plugin_system:Skipping extension 'colcon_notification.desktop_notification.notify_send': Could not find 'notify-send'
[3.971s] INFO:colcon.colcon_core.plugin_system:Skipping extension 'colcon_notification.desktop_notification.terminal_notifier': Not used on non-Darwin systems
[3.971s] INFO:colcon.colcon_core.plugin_system:Skipping extension 'colcon_notification.desktop_notification.win32': Not used on non-Windows systems
[3.972s] INFO:colcon.colcon_notification.desktop_notification:Sending desktop notification using 'notify2'
[3.978s] DEBUG:colcon.colcon_notification.desktop_notification.notify2:Failed to initialize notify2: org.freedesktop.DBus.Error.ServiceUnknown: The name org.freedesktop.Notifications was not provided by any .service files
[3.978s] DEBUG:colcon.colcon_core.event_reactor:joined thread
[3.993s] INFO:colcon.colcon_core.shell:Creating prefix script '/home/jmcfee/arv/cv-nav-integration/install/local_setup.ps1'
[3.995s] INFO:colcon.colcon_core.shell:Creating prefix util module '/home/jmcfee/arv/cv-nav-integration/install/_local_setup_util_ps1.py'
[3.996s] INFO:colcon.colcon_core.shell:Creating prefix chain script '/home/jmcfee/arv/cv-nav-integration/install/setup.ps1'
[4.012s] INFO:colcon.colcon_core.shell:Creating prefix script '/home/jmcfee/arv/cv-nav-integration/install/local_setup.sh'
[4.013s] INFO:colcon.colcon_core.shell:Creating prefix util module '/home/jmcfee/arv/cv-nav-integration/install/_local_setup_util_sh.py'
[4.013s] INFO:colcon.colcon_core.shell:Creating prefix chain script '/home/jmcfee/arv/cv-nav-integration/install/setup.sh'
[4.029s] INFO:colcon.colcon_core.shell:Creating prefix script '/home/jmcfee/arv/cv-nav-integration/install/local_setup.bash'
[4.029s] INFO:colcon.colcon_core.shell:Creating prefix chain script '/home/jmcfee/arv/cv-nav-integration/install/setup.bash'
[4.047s] INFO:colcon.colcon_core.shell:Creating prefix script '/home/jmcfee/arv/cv-nav-integration/install/local_setup.zsh'
[4.048s] INFO:colcon.colcon_core.shell:Creating prefix chain script '/home/jmcfee/arv/cv-nav-integration/install/setup.zsh'
