[1.329s] Invoking command in '/home/jmcfee/arv/cv-nav-integration/src/cv_node': PYTHONPATH=/home/jmcfee/arv/cv-nav-integration/build/cv_node/prefix_override:/home/jmcfee/arv/cv-nav-integration/install/cv_node/lib/python3.10/site-packages:${PYTHONPATH} /usr/bin/python3 setup.py egg_info --egg-base ../../build/cv_node build --build-base /home/jmcfee/arv/cv-nav-integration/build/cv_node/build install --record /home/jmcfee/arv/cv-nav-integration/build/cv_node/install.log --single-version-externally-managed
[1.555s] running egg_info
[1.556s] writing ../../build/cv_node/cv_node.egg-info/PKG-INFO
[1.556s] writing dependency_links to ../../build/cv_node/cv_node.egg-info/dependency_links.txt
[1.557s] writing entry points to ../../build/cv_node/cv_node.egg-info/entry_points.txt
[1.557s] writing requirements to ../../build/cv_node/cv_node.egg-info/requires.txt
[1.557s] writing top-level names to ../../build/cv_node/cv_node.egg-info/top_level.txt
[1.560s] reading manifest file '../../build/cv_node/cv_node.egg-info/SOURCES.txt'
[1.561s] writing manifest file '../../build/cv_node/cv_node.egg-info/SOURCES.txt'
[1.561s] running build
[1.561s] running build_py
[1.562s] running install
[1.562s] /usr/lib/python3/dist-packages/setuptools/command/install.py:34: SetuptoolsDeprecationWarning: setup.py install is deprecated. Use build and pip and other standards-based tools.
[1.562s]   warnings.warn(
[1.562s] running install_lib
[1.564s] running install_data
[1.565s] running install_egg_info
[1.566s] removing '/home/jmcfee/arv/cv-nav-integration/install/cv_node/lib/python3.10/site-packages/cv_node-0.0.0-py3.10.egg-info' (and everything under it)
[1.567s] Copying ../../build/cv_node/cv_node.egg-info to /home/jmcfee/arv/cv-nav-integration/install/cv_node/lib/python3.10/site-packages/cv_node-0.0.0-py3.10.egg-info
[1.568s] running install_scripts
[1.585s] Installing listener script to /home/jmcfee/arv/cv-nav-integration/install/cv_node/lib/cv_node
[1.586s] Installing talker script to /home/jmcfee/arv/cv-nav-integration/install/cv_node/lib/cv_node
[1.586s] writing list of installed files to '/home/jmcfee/arv/cv-nav-integration/build/cv_node/install.log'
[1.612s] Invoked command in '/home/jmcfee/arv/cv-nav-integration/src/cv_node' returned '0': PYTHONPATH=/home/jmcfee/arv/cv-nav-integration/build/cv_node/prefix_override:/home/jmcfee/arv/cv-nav-integration/install/cv_node/lib/python3.10/site-packages:${PYTHONPATH} /usr/bin/python3 setup.py egg_info --egg-base ../../build/cv_node build --build-base /home/jmcfee/arv/cv-nav-integration/build/cv_node/build install --record /home/jmcfee/arv/cv-nav-integration/build/cv_node/install.log --single-version-externally-managed
