[1.632s] DEBUG:colcon:Command line arguments: ['/usr/bin/colcon', 'build']
[1.632s] DEBUG:colcon:Parsed command line arguments: Namespace(log_base=None, log_level=None, verb_name='build', build_base='build', install_base='install', merge_install=False, symlink_install=False, test_result_base=None, continue_on_error=False, executor='parallel', parallel_workers=16, event_handlers=None, ignore_user_meta=False, metas=['./colcon.meta'], base_paths=['.'], packages_ignore=None, packages_ignore_regex=None, paths=None, packages_up_to=None, packages_up_to_regex=None, packages_above=None, packages_above_and_dependencies=None, packages_above_depth=None, packages_select_by_dep=None, packages_skip_by_dep=None, packages_skip_up_to=None, packages_select_build_failed=False, packages_skip_build_finished=False, packages_select_test_failures=False, packages_skip_test_passed=False, packages_select=None, packages_skip=None, packages_select_regex=None, packages_skip_regex=None, packages_start=None, packages_end=None, allow_overriding=[], cmake_args=None, cmake_target=None, cmake_target_skip_unavailable=False, cmake_clean_cache=False, cmake_clean_first=False, cmake_force_configure=False, ament_cmake_args=None, catkin_cmake_args=None, catkin_skip_building_tests=False, verb_parser=<colcon_defaults.argument_parser.defaults.DefaultArgumentsDecorator object at 0x7fceade00dc0>, verb_extension=<colcon_core.verb.build.BuildVerb object at 0x7fceae2c7220>, main=<bound method BuildVerb.main of <colcon_core.verb.build.BuildVerb object at 0x7fceae2c7220>>)
[1.687s] Level 1:colcon.colcon_core.package_discovery:discover_packages(colcon_meta) check parameters
[1.688s] Level 1:colcon.colcon_core.package_discovery:discover_packages(recursive) check parameters
[1.688s] Level 1:colcon.colcon_core.package_discovery:discover_packages(ignore) check parameters
[1.688s] Level 1:colcon.colcon_core.package_discovery:discover_packages(path) check parameters
[1.688s] Level 1:colcon.colcon_core.package_discovery:discover_packages(colcon_meta) discover
[1.688s] Level 1:colcon.colcon_core.package_discovery:discover_packages(recursive) discover
[1.688s] INFO:colcon.colcon_core.package_discovery:Crawling recursively for packages in '/home/jmcfee/arv/cv-nav-integration'
[1.688s] Level 1:colcon.colcon_core.package_identification:_identify(.) by extensions ['ignore', 'ignore_ament_install']
[1.688s] Level 1:colcon.colcon_core.package_identification:_identify(.) by extension 'ignore'
[1.688s] Level 1:colcon.colcon_core.package_identification:_identify(.) by extension 'ignore_ament_install'
[1.688s] Level 1:colcon.colcon_core.package_identification:_identify(.) by extensions ['colcon_pkg']
[1.688s] Level 1:colcon.colcon_core.package_identification:_identify(.) by extension 'colcon_pkg'
[1.688s] Level 1:colcon.colcon_core.package_identification:_identify(.) by extensions ['colcon_meta']
[1.688s] Level 1:colcon.colcon_core.package_identification:_identify(.) by extension 'colcon_meta'
[1.688s] Level 1:colcon.colcon_core.package_identification:_identify(.) by extensions ['ros']
[1.688s] Level 1:colcon.colcon_core.package_identification:_identify(.) by extension 'ros'
[1.698s] Level 1:colcon.colcon_core.package_identification:_identify(.) by extensions ['cmake', 'python']
[1.698s] Level 1:colcon.colcon_core.package_identification:_identify(.) by extension 'cmake'
[1.698s] Level 1:colcon.colcon_core.package_identification:_identify(.) by extension 'python'
[1.698s] Level 1:colcon.colcon_core.package_identification:_identify(.) by extensions ['python_setup_py']
[1.698s] Level 1:colcon.colcon_core.package_identification:_identify(.) by extension 'python_setup_py'
[1.698s] Level 1:colcon.colcon_core.package_identification:_identify(build) by extensions ['ignore', 'ignore_ament_install']
[1.698s] Level 1:colcon.colcon_core.package_identification:_identify(build) by extension 'ignore'
[1.698s] Level 1:colcon.colcon_core.package_identification:_identify(build) ignored
[1.698s] Level 1:colcon.colcon_core.package_identification:_identify(install) by extensions ['ignore', 'ignore_ament_install']
[1.699s] Level 1:colcon.colcon_core.package_identification:_identify(install) by extension 'ignore'
[1.699s] Level 1:colcon.colcon_core.package_identification:_identify(install) ignored
[1.699s] Level 1:colcon.colcon_core.package_identification:_identify(log) by extensions ['ignore', 'ignore_ament_install']
[1.699s] Level 1:colcon.colcon_core.package_identification:_identify(log) by extension 'ignore'
[1.699s] Level 1:colcon.colcon_core.package_identification:_identify(log) ignored
[1.699s] Level 1:colcon.colcon_core.package_identification:_identify(src) by extensions ['ignore', 'ignore_ament_install']
[1.699s] Level 1:colcon.colcon_core.package_identification:_identify(src) by extension 'ignore'
[1.699s] Level 1:colcon.colcon_core.package_identification:_identify(src) by extension 'ignore_ament_install'
[1.699s] Level 1:colcon.colcon_core.package_identification:_identify(src) by extensions ['colcon_pkg']
[1.699s] Level 1:colcon.colcon_core.package_identification:_identify(src) by extension 'colcon_pkg'
[1.699s] Level 1:colcon.colcon_core.package_identification:_identify(src) by extensions ['colcon_meta']
[1.699s] Level 1:colcon.colcon_core.package_identification:_identify(src) by extension 'colcon_meta'
[1.699s] Level 1:colcon.colcon_core.package_identification:_identify(src) by extensions ['ros']
[1.699s] Level 1:colcon.colcon_core.package_identification:_identify(src) by extension 'ros'
[1.699s] Level 1:colcon.colcon_core.package_identification:_identify(src) by extensions ['cmake', 'python']
[1.699s] Level 1:colcon.colcon_core.package_identification:_identify(src) by extension 'cmake'
[1.699s] Level 1:colcon.colcon_core.package_identification:_identify(src) by extension 'python'
[1.699s] Level 1:colcon.colcon_core.package_identification:_identify(src) by extensions ['python_setup_py']
[1.699s] Level 1:colcon.colcon_core.package_identification:_identify(src) by extension 'python_setup_py'
[1.699s] Level 1:colcon.colcon_core.package_identification:_identify(src/cv_node) by extensions ['ignore', 'ignore_ament_install']
[1.700s] Level 1:colcon.colcon_core.package_identification:_identify(src/cv_node) by extension 'ignore'
[1.700s] Level 1:colcon.colcon_core.package_identification:_identify(src/cv_node) by extension 'ignore_ament_install'
[1.700s] Level 1:colcon.colcon_core.package_identification:_identify(src/cv_node) by extensions ['colcon_pkg']
[1.700s] Level 1:colcon.colcon_core.package_identification:_identify(src/cv_node) by extension 'colcon_pkg'
[1.700s] Level 1:colcon.colcon_core.package_identification:_identify(src/cv_node) by extensions ['colcon_meta']
[1.700s] Level 1:colcon.colcon_core.package_identification:_identify(src/cv_node) by extension 'colcon_meta'
[1.700s] Level 1:colcon.colcon_core.package_identification:_identify(src/cv_node) by extensions ['ros']
[1.700s] Level 1:colcon.colcon_core.package_identification:_identify(src/cv_node) by extension 'ros'
[1.702s] DEBUG:colcon.colcon_core.package_identification:Package 'src/cv_node' with type 'ros.ament_python' and name 'cv_node'
[1.702s] Level 1:colcon.colcon_core.package_identification:_identify(src/drivable_area) by extensions ['ignore', 'ignore_ament_install']
[1.702s] Level 1:colcon.colcon_core.package_identification:_identify(src/drivable_area) by extension 'ignore'
[1.702s] Level 1:colcon.colcon_core.package_identification:_identify(src/drivable_area) by extension 'ignore_ament_install'
[1.702s] Level 1:colcon.colcon_core.package_identification:_identify(src/drivable_area) by extensions ['colcon_pkg']
[1.702s] Level 1:colcon.colcon_core.package_identification:_identify(src/drivable_area) by extension 'colcon_pkg'
[1.702s] Level 1:colcon.colcon_core.package_identification:_identify(src/drivable_area) by extensions ['colcon_meta']
[1.702s] Level 1:colcon.colcon_core.package_identification:_identify(src/drivable_area) by extension 'colcon_meta'
[1.702s] Level 1:colcon.colcon_core.package_identification:_identify(src/drivable_area) by extensions ['ros']
[1.702s] Level 1:colcon.colcon_core.package_identification:_identify(src/drivable_area) by extension 'ros'
[1.703s] DEBUG:colcon.colcon_core.package_identification:Package 'src/drivable_area' with type 'ros.ament_python' and name 'drivable_area'
[1.703s] Level 1:colcon.colcon_core.package_discovery:discover_packages(recursive) using defaults
[1.703s] Level 1:colcon.colcon_core.package_discovery:discover_packages(ignore) discover
[1.703s] Level 1:colcon.colcon_core.package_discovery:discover_packages(ignore) using defaults
[1.703s] Level 1:colcon.colcon_core.package_discovery:discover_packages(path) discover
[1.703s] Level 1:colcon.colcon_core.package_discovery:discover_packages(path) using defaults
[1.789s] Level 1:colcon.colcon_core.package_discovery:discover_packages(prefix_path) check parameters
[1.789s] Level 1:colcon.colcon_core.package_discovery:discover_packages(prefix_path) discover
[1.815s] DEBUG:colcon.colcon_installed_package_information.package_discovery:Found 2 installed packages in /home/jmcfee/arv/cv-nav-integration/install
[1.830s] DEBUG:colcon.colcon_installed_package_information.package_discovery:Found 270 installed packages in /opt/ros/humble
[1.833s] Level 1:colcon.colcon_core.package_discovery:discover_packages(prefix_path) using defaults
[1.937s] Level 5:colcon.colcon_core.verb:set package 'cv_node' build argument 'cmake_args' from command line to 'None'
[1.937s] Level 5:colcon.colcon_core.verb:set package 'cv_node' build argument 'cmake_target' from command line to 'None'
[1.937s] Level 5:colcon.colcon_core.verb:set package 'cv_node' build argument 'cmake_target_skip_unavailable' from command line to 'False'
[1.937s] Level 5:colcon.colcon_core.verb:set package 'cv_node' build argument 'cmake_clean_cache' from command line to 'False'
[1.937s] Level 5:colcon.colcon_core.verb:set package 'cv_node' build argument 'cmake_clean_first' from command line to 'False'
[1.937s] Level 5:colcon.colcon_core.verb:set package 'cv_node' build argument 'cmake_force_configure' from command line to 'False'
[1.937s] Level 5:colcon.colcon_core.verb:set package 'cv_node' build argument 'ament_cmake_args' from command line to 'None'
[1.937s] Level 5:colcon.colcon_core.verb:set package 'cv_node' build argument 'catkin_cmake_args' from command line to 'None'
[1.937s] Level 5:colcon.colcon_core.verb:set package 'cv_node' build argument 'catkin_skip_building_tests' from command line to 'False'
[1.937s] DEBUG:colcon.colcon_core.verb:Building package 'cv_node' with the following arguments: {'ament_cmake_args': None, 'build_base': '/home/jmcfee/arv/cv-nav-integration/build/cv_node', 'catkin_cmake_args': None, 'catkin_skip_building_tests': False, 'cmake_args': None, 'cmake_clean_cache': False, 'cmake_clean_first': False, 'cmake_force_configure': False, 'cmake_target': None, 'cmake_target_skip_unavailable': False, 'install_base': '/home/jmcfee/arv/cv-nav-integration/install/cv_node', 'merge_install': False, 'path': '/home/jmcfee/arv/cv-nav-integration/src/cv_node', 'symlink_install': False, 'test_result_base': None}
[1.955s] Level 5:colcon.colcon_core.verb:set package 'drivable_area' build argument 'cmake_args' from command line to 'None'
[1.955s] Level 5:colcon.colcon_core.verb:set package 'drivable_area' build argument 'cmake_target' from command line to 'None'
[1.955s] Level 5:colcon.colcon_core.verb:set package 'drivable_area' build argument 'cmake_target_skip_unavailable' from command line to 'False'
[1.955s] Level 5:colcon.colcon_core.verb:set package 'drivable_area' build argument 'cmake_clean_cache' from command line to 'False'
[1.955s] Level 5:colcon.colcon_core.verb:set package 'drivable_area' build argument 'cmake_clean_first' from command line to 'False'
[1.955s] Level 5:colcon.colcon_core.verb:set package 'drivable_area' build argument 'cmake_force_configure' from command line to 'False'
[1.955s] Level 5:colcon.colcon_core.verb:set package 'drivable_area' build argument 'ament_cmake_args' from command line to 'None'
[1.955s] Level 5:colcon.colcon_core.verb:set package 'drivable_area' build argument 'catkin_cmake_args' from command line to 'None'
[1.956s] Level 5:colcon.colcon_core.verb:set package 'drivable_area' build argument 'catkin_skip_building_tests' from command line to 'False'
[1.956s] DEBUG:colcon.colcon_core.verb:Building package 'drivable_area' with the following arguments: {'ament_cmake_args': None, 'build_base': '/home/jmcfee/arv/cv-nav-integration/build/drivable_area', 'catkin_cmake_args': None, 'catkin_skip_building_tests': False, 'cmake_args': None, 'cmake_clean_cache': False, 'cmake_clean_first': False, 'cmake_force_configure': False, 'cmake_target': None, 'cmake_target_skip_unavailable': False, 'install_base': '/home/jmcfee/arv/cv-nav-integration/install/drivable_area', 'merge_install': False, 'path': '/home/jmcfee/arv/cv-nav-integration/src/drivable_area', 'symlink_install': False, 'test_result_base': None}
[1.991s] INFO:colcon.colcon_core.executor:Executing jobs using 'parallel' executor
[2.009s] DEBUG:colcon.colcon_parallel_executor.executor.parallel:run_until_complete
[2.009s] INFO:colcon.colcon_ros.task.ament_python.build:Building ROS package in '/home/jmcfee/arv/cv-nav-integration/src/cv_node' with build type 'ament_python'
[2.009s] Level 1:colcon.colcon_core.shell:create_environment_hook('cv_node', 'ament_prefix_path')
[2.027s] INFO:colcon.colcon_core.plugin_system:Skipping extension 'colcon_core.shell.bat': Not used on non-Windows systems
[2.028s] INFO:colcon.colcon_core.shell:Creating environment hook '/home/jmcfee/arv/cv-nav-integration/install/cv_node/share/cv_node/hook/ament_prefix_path.ps1'
[2.029s] INFO:colcon.colcon_core.shell:Creating environment descriptor '/home/jmcfee/arv/cv-nav-integration/install/cv_node/share/cv_node/hook/ament_prefix_path.dsv'
[2.029s] INFO:colcon.colcon_core.shell:Creating environment hook '/home/jmcfee/arv/cv-nav-integration/install/cv_node/share/cv_node/hook/ament_prefix_path.sh'
[2.043s] INFO:colcon.colcon_core.shell:Skip shell extension 'powershell' for command environment: Not usable outside of PowerShell
[2.043s] DEBUG:colcon.colcon_core.shell:Skip shell extension 'dsv' for command environment
[2.084s] INFO:colcon.colcon_ros.task.ament_python.build:Building ROS package in '/home/jmcfee/arv/cv-nav-integration/src/drivable_area' with build type 'ament_python'
[2.084s] Level 1:colcon.colcon_core.shell:create_environment_hook('drivable_area', 'ament_prefix_path')
[2.102s] INFO:colcon.colcon_core.shell:Creating environment hook '/home/jmcfee/arv/cv-nav-integration/install/drivable_area/share/drivable_area/hook/ament_prefix_path.ps1'
[2.102s] INFO:colcon.colcon_core.shell:Creating environment descriptor '/home/jmcfee/arv/cv-nav-integration/install/drivable_area/share/drivable_area/hook/ament_prefix_path.dsv'
[2.103s] INFO:colcon.colcon_core.shell:Creating environment hook '/home/jmcfee/arv/cv-nav-integration/install/drivable_area/share/drivable_area/hook/ament_prefix_path.sh'
[2.125s] INFO:colcon.colcon_core.shell:Skip shell extension 'powershell' for command environment: Not usable outside of PowerShell
[2.126s] DEBUG:colcon.colcon_core.shell:Skip shell extension 'dsv' for command environment
[2.458s] INFO:colcon.colcon_core.task.python.build:Building Python package in '/home/jmcfee/arv/cv-nav-integration/src/cv_node'
[2.476s] INFO:colcon.colcon_core.shell:Skip shell extension 'powershell' for command environment: Not usable outside of PowerShell
[2.476s] DEBUG:colcon.colcon_core.shell:Skip shell extension 'dsv' for command environment
[2.787s] INFO:colcon.colcon_core.task.python.build:Building Python package in '/home/jmcfee/arv/cv-nav-integration/src/drivable_area'
[2.804s] INFO:colcon.colcon_core.shell:Skip shell extension 'powershell' for command environment: Not usable outside of PowerShell
[2.804s] DEBUG:colcon.colcon_core.shell:Skip shell extension 'dsv' for command environment
[3.248s] DEBUG:colcon.colcon_core.event_handler.log_command:Invoking command in '/home/jmcfee/arv/cv-nav-integration/src/cv_node': PYTHONPATH=/home/jmcfee/arv/cv-nav-integration/build/cv_node/prefix_override:/home/jmcfee/arv/cv-nav-integration/install/cv_node/lib/python3.10/site-packages:${PYTHONPATH} /usr/bin/python3 setup.py egg_info --egg-base ../../build/cv_node build --build-base /home/jmcfee/arv/cv-nav-integration/build/cv_node/build install --record /home/jmcfee/arv/cv-nav-integration/build/cv_node/install.log --single-version-externally-managed
[3.257s] DEBUG:colcon.colcon_core.event_handler.log_command:Invoking command in '/home/jmcfee/arv/cv-nav-integration/src/drivable_area': PYTHONPATH=/home/jmcfee/arv/cv-nav-integration/build/drivable_area/prefix_override:/home/jmcfee/arv/cv-nav-integration/install/drivable_area/lib/python3.10/site-packages:${PYTHONPATH} /usr/bin/python3 setup.py egg_info --egg-base ../../build/drivable_area build --build-base /home/jmcfee/arv/cv-nav-integration/build/drivable_area/build install --record /home/jmcfee/arv/cv-nav-integration/build/drivable_area/install.log --single-version-externally-managed
[3.598s] DEBUG:colcon.colcon_core.event_handler.log_command:Invoked command in '/home/jmcfee/arv/cv-nav-integration/src/cv_node' returned '0': PYTHONPATH=/home/jmcfee/arv/cv-nav-integration/build/cv_node/prefix_override:/home/jmcfee/arv/cv-nav-integration/install/cv_node/lib/python3.10/site-packages:${PYTHONPATH} /usr/bin/python3 setup.py egg_info --egg-base ../../build/cv_node build --build-base /home/jmcfee/arv/cv-nav-integration/build/cv_node/build install --record /home/jmcfee/arv/cv-nav-integration/build/cv_node/install.log --single-version-externally-managed
[3.615s] Level 1:colcon.colcon_core.environment:checking '/home/jmcfee/arv/cv-nav-integration/install/cv_node' for CMake module files
[3.616s] Level 1:colcon.colcon_core.environment:checking '/home/jmcfee/arv/cv-nav-integration/install/cv_node' for CMake config files
[3.617s] Level 1:colcon.colcon_core.environment:checking '/home/jmcfee/arv/cv-nav-integration/install/cv_node/lib'
[3.617s] Level 1:colcon.colcon_core.environment:checking '/home/jmcfee/arv/cv-nav-integration/install/cv_node/bin'
[3.618s] Level 1:colcon.colcon_core.environment:checking '/home/jmcfee/arv/cv-nav-integration/install/cv_node/lib/pkgconfig/cv_node.pc'
[3.618s] Level 1:colcon.colcon_core.environment:checking '/home/jmcfee/arv/cv-nav-integration/install/cv_node/lib/python3.10/site-packages'
[3.618s] Level 1:colcon.colcon_core.shell:create_environment_hook('cv_node', 'pythonpath')
[3.635s] INFO:colcon.colcon_core.shell:Creating environment hook '/home/jmcfee/arv/cv-nav-integration/install/cv_node/share/cv_node/hook/pythonpath.ps1'
[3.635s] INFO:colcon.colcon_core.shell:Creating environment descriptor '/home/jmcfee/arv/cv-nav-integration/install/cv_node/share/cv_node/hook/pythonpath.dsv'
[3.635s] INFO:colcon.colcon_core.shell:Creating environment hook '/home/jmcfee/arv/cv-nav-integration/install/cv_node/share/cv_node/hook/pythonpath.sh'
[3.636s] Level 1:colcon.colcon_core.environment:checking '/home/jmcfee/arv/cv-nav-integration/install/cv_node/bin'
[3.636s] Level 1:colcon.colcon_core.environment:create_environment_scripts_only(cv_node)
[3.649s] INFO:colcon.colcon_core.shell:Creating package script '/home/jmcfee/arv/cv-nav-integration/install/cv_node/share/cv_node/package.ps1'
[3.650s] INFO:colcon.colcon_core.shell:Creating package descriptor '/home/jmcfee/arv/cv-nav-integration/install/cv_node/share/cv_node/package.dsv'
[3.651s] INFO:colcon.colcon_core.shell:Creating package script '/home/jmcfee/arv/cv-nav-integration/install/cv_node/share/cv_node/package.sh'
[3.652s] INFO:colcon.colcon_core.shell:Creating package script '/home/jmcfee/arv/cv-nav-integration/install/cv_node/share/cv_node/package.bash'
[3.653s] INFO:colcon.colcon_core.shell:Creating package script '/home/jmcfee/arv/cv-nav-integration/install/cv_node/share/cv_node/package.zsh'
[3.653s] Level 1:colcon.colcon_core.environment:create_file_with_runtime_dependencies(/home/jmcfee/arv/cv-nav-integration/install/cv_node/share/colcon-core/packages/cv_node)
[3.660s] DEBUG:colcon.colcon_core.event_handler.log_command:Invoked command in '/home/jmcfee/arv/cv-nav-integration/src/drivable_area' returned '0': PYTHONPATH=/home/jmcfee/arv/cv-nav-integration/build/drivable_area/prefix_override:/home/jmcfee/arv/cv-nav-integration/install/drivable_area/lib/python3.10/site-packages:${PYTHONPATH} /usr/bin/python3 setup.py egg_info --egg-base ../../build/drivable_area build --build-base /home/jmcfee/arv/cv-nav-integration/build/drivable_area/build install --record /home/jmcfee/arv/cv-nav-integration/build/drivable_area/install.log --single-version-externally-managed
[3.676s] Level 1:colcon.colcon_core.environment:checking '/home/jmcfee/arv/cv-nav-integration/install/drivable_area' for CMake module files
[3.677s] Level 1:colcon.colcon_core.environment:checking '/home/jmcfee/arv/cv-nav-integration/install/drivable_area' for CMake config files
[3.677s] Level 1:colcon.colcon_core.environment:checking '/home/jmcfee/arv/cv-nav-integration/install/drivable_area/lib'
[3.678s] Level 1:colcon.colcon_core.environment:checking '/home/jmcfee/arv/cv-nav-integration/install/drivable_area/bin'
[3.678s] Level 1:colcon.colcon_core.environment:checking '/home/jmcfee/arv/cv-nav-integration/install/drivable_area/lib/pkgconfig/drivable_area.pc'
[3.678s] Level 1:colcon.colcon_core.environment:checking '/home/jmcfee/arv/cv-nav-integration/install/drivable_area/lib/python3.10/site-packages'
[3.678s] Level 1:colcon.colcon_core.shell:create_environment_hook('drivable_area', 'pythonpath')
[3.694s] INFO:colcon.colcon_core.shell:Creating environment hook '/home/jmcfee/arv/cv-nav-integration/install/drivable_area/share/drivable_area/hook/pythonpath.ps1'
[3.694s] INFO:colcon.colcon_core.shell:Creating environment descriptor '/home/jmcfee/arv/cv-nav-integration/install/drivable_area/share/drivable_area/hook/pythonpath.dsv'
[3.694s] INFO:colcon.colcon_core.shell:Creating environment hook '/home/jmcfee/arv/cv-nav-integration/install/drivable_area/share/drivable_area/hook/pythonpath.sh'
[3.695s] Level 1:colcon.colcon_core.environment:checking '/home/jmcfee/arv/cv-nav-integration/install/drivable_area/bin'
[3.695s] Level 1:colcon.colcon_core.environment:create_environment_scripts_only(drivable_area)
[3.709s] INFO:colcon.colcon_core.shell:Creating package script '/home/jmcfee/arv/cv-nav-integration/install/drivable_area/share/drivable_area/package.ps1'
[3.709s] INFO:colcon.colcon_core.shell:Creating package descriptor '/home/jmcfee/arv/cv-nav-integration/install/drivable_area/share/drivable_area/package.dsv'
[3.710s] INFO:colcon.colcon_core.shell:Creating package script '/home/jmcfee/arv/cv-nav-integration/install/drivable_area/share/drivable_area/package.sh'
[3.710s] INFO:colcon.colcon_core.shell:Creating package script '/home/jmcfee/arv/cv-nav-integration/install/drivable_area/share/drivable_area/package.bash'
[3.710s] INFO:colcon.colcon_core.shell:Creating package script '/home/jmcfee/arv/cv-nav-integration/install/drivable_area/share/drivable_area/package.zsh'
[3.711s] Level 1:colcon.colcon_core.environment:create_file_with_runtime_dependencies(/home/jmcfee/arv/cv-nav-integration/install/drivable_area/share/colcon-core/packages/drivable_area)
[3.711s] DEBUG:colcon.colcon_parallel_executor.executor.parallel:closing loop
[3.711s] DEBUG:colcon.colcon_parallel_executor.executor.parallel:loop closed
[3.712s] DEBUG:colcon.colcon_parallel_executor.executor.parallel:run_until_complete finished with '0'
[3.712s] DEBUG:colcon.colcon_core.event_reactor:joining thread
[4.054s] INFO:colcon.colcon_core.plugin_system:Skipping extension 'colcon_notification.desktop_notification.notify_send': Could not find 'notify-send'
[4.054s] INFO:colcon.colcon_core.plugin_system:Skipping extension 'colcon_notification.desktop_notification.terminal_notifier': Not used on non-Darwin systems
[4.055s] INFO:colcon.colcon_core.plugin_system:Skipping extension 'colcon_notification.desktop_notification.win32': Not used on non-Windows systems
[4.055s] INFO:colcon.colcon_notification.desktop_notification:Sending desktop notification using 'notify2'
[4.075s] DEBUG:colcon.colcon_notification.desktop_notification.notify2:Failed to initialize notify2: org.freedesktop.DBus.Error.ServiceUnknown: The name org.freedesktop.Notifications was not provided by any .service files
[4.075s] DEBUG:colcon.colcon_core.event_reactor:joined thread
[4.093s] INFO:colcon.colcon_core.shell:Creating prefix script '/home/jmcfee/arv/cv-nav-integration/install/local_setup.ps1'
[4.095s] INFO:colcon.colcon_core.shell:Creating prefix util module '/home/jmcfee/arv/cv-nav-integration/install/_local_setup_util_ps1.py'
[4.096s] INFO:colcon.colcon_core.shell:Creating prefix chain script '/home/jmcfee/arv/cv-nav-integration/install/setup.ps1'
[4.113s] INFO:colcon.colcon_core.shell:Creating prefix script '/home/jmcfee/arv/cv-nav-integration/install/local_setup.sh'
[4.114s] INFO:colcon.colcon_core.shell:Creating prefix util module '/home/jmcfee/arv/cv-nav-integration/install/_local_setup_util_sh.py'
[4.115s] INFO:colcon.colcon_core.shell:Creating prefix chain script '/home/jmcfee/arv/cv-nav-integration/install/setup.sh'
[4.128s] INFO:colcon.colcon_core.shell:Creating prefix script '/home/jmcfee/arv/cv-nav-integration/install/local_setup.bash'
[4.129s] INFO:colcon.colcon_core.shell:Creating prefix chain script '/home/jmcfee/arv/cv-nav-integration/install/setup.bash'
[4.146s] INFO:colcon.colcon_core.shell:Creating prefix script '/home/jmcfee/arv/cv-nav-integration/install/local_setup.zsh'
[4.147s] INFO:colcon.colcon_core.shell:Creating prefix chain script '/home/jmcfee/arv/cv-nav-integration/install/setup.zsh'
