[1.471s] DEBUG:colcon:Command line arguments: ['/usr/bin/colcon', 'build']
[1.471s] DEBUG:colcon:Parsed command line arguments: Namespace(log_base=None, log_level=None, verb_name='build', build_base='build', install_base='install', merge_install=False, symlink_install=False, test_result_base=None, continue_on_error=False, executor='parallel', parallel_workers=16, event_handlers=None, ignore_user_meta=False, metas=['./colcon.meta'], base_paths=['.'], packages_ignore=None, packages_ignore_regex=None, paths=None, packages_up_to=None, packages_up_to_regex=None, packages_above=None, packages_above_and_dependencies=None, packages_above_depth=None, packages_select_by_dep=None, packages_skip_by_dep=None, packages_skip_up_to=None, packages_select_build_failed=False, packages_skip_build_finished=False, packages_select_test_failures=False, packages_skip_test_passed=False, packages_select=None, packages_skip=None, packages_select_regex=None, packages_skip_regex=None, packages_start=None, packages_end=None, allow_overriding=[], cmake_args=None, cmake_target=None, cmake_target_skip_unavailable=False, cmake_clean_cache=False, cmake_clean_first=False, cmake_force_configure=False, ament_cmake_args=None, catkin_cmake_args=None, catkin_skip_building_tests=False, verb_parser=<colcon_defaults.argument_parser.defaults.DefaultArgumentsDecorator object at 0x7ff15f89c370>, verb_extension=<colcon_core.verb.build.BuildVerb object at 0x7ff15fed7220>, main=<bound method BuildVerb.main of <colcon_core.verb.build.BuildVerb object at 0x7ff15fed7220>>)
[1.514s] Level 1:colcon.colcon_core.package_discovery:discover_packages(colcon_meta) check parameters
[1.514s] Level 1:colcon.colcon_core.package_discovery:discover_packages(recursive) check parameters
[1.514s] Level 1:colcon.colcon_core.package_discovery:discover_packages(ignore) check parameters
[1.514s] Level 1:colcon.colcon_core.package_discovery:discover_packages(path) check parameters
[1.515s] Level 1:colcon.colcon_core.package_discovery:discover_packages(colcon_meta) discover
[1.515s] Level 1:colcon.colcon_core.package_discovery:discover_packages(recursive) discover
[1.515s] INFO:colcon.colcon_core.package_discovery:Crawling recursively for packages in '/home/jmcfee/arv/cv-nav-integration'
[1.515s] Level 1:colcon.colcon_core.package_identification:_identify(.) by extensions ['ignore', 'ignore_ament_install']
[1.515s] Level 1:colcon.colcon_core.package_identification:_identify(.) by extension 'ignore'
[1.515s] Level 1:colcon.colcon_core.package_identification:_identify(.) by extension 'ignore_ament_install'
[1.515s] Level 1:colcon.colcon_core.package_identification:_identify(.) by extensions ['colcon_pkg']
[1.515s] Level 1:colcon.colcon_core.package_identification:_identify(.) by extension 'colcon_pkg'
[1.515s] Level 1:colcon.colcon_core.package_identification:_identify(.) by extensions ['colcon_meta']
[1.515s] Level 1:colcon.colcon_core.package_identification:_identify(.) by extension 'colcon_meta'
[1.515s] Level 1:colcon.colcon_core.package_identification:_identify(.) by extensions ['ros']
[1.515s] Level 1:colcon.colcon_core.package_identification:_identify(.) by extension 'ros'
[1.526s] Level 1:colcon.colcon_core.package_identification:_identify(.) by extensions ['cmake', 'python']
[1.527s] Level 1:colcon.colcon_core.package_identification:_identify(.) by extension 'cmake'
[1.527s] Level 1:colcon.colcon_core.package_identification:_identify(.) by extension 'python'
[1.527s] Level 1:colcon.colcon_core.package_identification:_identify(.) by extensions ['python_setup_py']
[1.527s] Level 1:colcon.colcon_core.package_identification:_identify(.) by extension 'python_setup_py'
[1.527s] Level 1:colcon.colcon_core.package_identification:_identify(build) by extensions ['ignore', 'ignore_ament_install']
[1.527s] Level 1:colcon.colcon_core.package_identification:_identify(build) by extension 'ignore'
[1.527s] Level 1:colcon.colcon_core.package_identification:_identify(build) ignored
[1.528s] Level 1:colcon.colcon_core.package_identification:_identify(install) by extensions ['ignore', 'ignore_ament_install']
[1.528s] Level 1:colcon.colcon_core.package_identification:_identify(install) by extension 'ignore'
[1.528s] Level 1:colcon.colcon_core.package_identification:_identify(install) ignored
[1.528s] Level 1:colcon.colcon_core.package_identification:_identify(log) by extensions ['ignore', 'ignore_ament_install']
[1.528s] Level 1:colcon.colcon_core.package_identification:_identify(log) by extension 'ignore'
[1.528s] Level 1:colcon.colcon_core.package_identification:_identify(log) ignored
[1.528s] Level 1:colcon.colcon_core.package_identification:_identify(src) by extensions ['ignore', 'ignore_ament_install']
[1.529s] Level 1:colcon.colcon_core.package_identification:_identify(src) by extension 'ignore'
[1.529s] Level 1:colcon.colcon_core.package_identification:_identify(src) by extension 'ignore_ament_install'
[1.529s] Level 1:colcon.colcon_core.package_identification:_identify(src) by extensions ['colcon_pkg']
[1.529s] Level 1:colcon.colcon_core.package_identification:_identify(src) by extension 'colcon_pkg'
[1.529s] Level 1:colcon.colcon_core.package_identification:_identify(src) by extensions ['colcon_meta']
[1.529s] Level 1:colcon.colcon_core.package_identification:_identify(src) by extension 'colcon_meta'
[1.529s] Level 1:colcon.colcon_core.package_identification:_identify(src) by extensions ['ros']
[1.529s] Level 1:colcon.colcon_core.package_identification:_identify(src) by extension 'ros'
[1.529s] Level 1:colcon.colcon_core.package_identification:_identify(src) by extensions ['cmake', 'python']
[1.529s] Level 1:colcon.colcon_core.package_identification:_identify(src) by extension 'cmake'
[1.529s] Level 1:colcon.colcon_core.package_identification:_identify(src) by extension 'python'
[1.529s] Level 1:colcon.colcon_core.package_identification:_identify(src) by extensions ['python_setup_py']
[1.529s] Level 1:colcon.colcon_core.package_identification:_identify(src) by extension 'python_setup_py'
[1.529s] Level 1:colcon.colcon_core.package_identification:_identify(src/cv_node) by extensions ['ignore', 'ignore_ament_install']
[1.530s] Level 1:colcon.colcon_core.package_identification:_identify(src/cv_node) by extension 'ignore'
[1.530s] Level 1:colcon.colcon_core.package_identification:_identify(src/cv_node) by extension 'ignore_ament_install'
[1.530s] Level 1:colcon.colcon_core.package_identification:_identify(src/cv_node) by extensions ['colcon_pkg']
[1.530s] Level 1:colcon.colcon_core.package_identification:_identify(src/cv_node) by extension 'colcon_pkg'
[1.530s] Level 1:colcon.colcon_core.package_identification:_identify(src/cv_node) by extensions ['colcon_meta']
[1.530s] Level 1:colcon.colcon_core.package_identification:_identify(src/cv_node) by extension 'colcon_meta'
[1.530s] Level 1:colcon.colcon_core.package_identification:_identify(src/cv_node) by extensions ['ros']
[1.530s] Level 1:colcon.colcon_core.package_identification:_identify(src/cv_node) by extension 'ros'
[1.533s] DEBUG:colcon.colcon_core.package_identification:Package 'src/cv_node' with type 'ros.ament_python' and name 'cv_node'
[1.533s] Level 1:colcon.colcon_core.package_identification:_identify(src/drivable_area) by extensions ['ignore', 'ignore_ament_install']
[1.534s] Level 1:colcon.colcon_core.package_identification:_identify(src/drivable_area) by extension 'ignore'
[1.534s] Level 1:colcon.colcon_core.package_identification:_identify(src/drivable_area) by extension 'ignore_ament_install'
[1.534s] Level 1:colcon.colcon_core.package_identification:_identify(src/drivable_area) by extensions ['colcon_pkg']
[1.534s] Level 1:colcon.colcon_core.package_identification:_identify(src/drivable_area) by extension 'colcon_pkg'
[1.534s] Level 1:colcon.colcon_core.package_identification:_identify(src/drivable_area) by extensions ['colcon_meta']
[1.534s] Level 1:colcon.colcon_core.package_identification:_identify(src/drivable_area) by extension 'colcon_meta'
[1.534s] Level 1:colcon.colcon_core.package_identification:_identify(src/drivable_area) by extensions ['ros']
[1.534s] Level 1:colcon.colcon_core.package_identification:_identify(src/drivable_area) by extension 'ros'
[1.535s] DEBUG:colcon.colcon_core.package_identification:Package 'src/drivable_area' with type 'ros.ament_python' and name 'drivable_area'
[1.535s] Level 1:colcon.colcon_core.package_discovery:discover_packages(recursive) using defaults
[1.535s] Level 1:colcon.colcon_core.package_discovery:discover_packages(ignore) discover
[1.535s] Level 1:colcon.colcon_core.package_discovery:discover_packages(ignore) using defaults
[1.535s] Level 1:colcon.colcon_core.package_discovery:discover_packages(path) discover
[1.535s] Level 1:colcon.colcon_core.package_discovery:discover_packages(path) using defaults
[1.625s] Level 1:colcon.colcon_core.package_discovery:discover_packages(prefix_path) check parameters
[1.625s] Level 1:colcon.colcon_core.package_discovery:discover_packages(prefix_path) discover
[1.650s] DEBUG:colcon.colcon_installed_package_information.package_discovery:Found 2 installed packages in /home/jmcfee/arv/cv-nav-integration/install
[1.664s] DEBUG:colcon.colcon_installed_package_information.package_discovery:Found 270 installed packages in /opt/ros/humble
[1.665s] Level 1:colcon.colcon_core.package_discovery:discover_packages(prefix_path) using defaults
[1.754s] Level 5:colcon.colcon_core.verb:set package 'cv_node' build argument 'cmake_args' from command line to 'None'
[1.754s] Level 5:colcon.colcon_core.verb:set package 'cv_node' build argument 'cmake_target' from command line to 'None'
[1.754s] Level 5:colcon.colcon_core.verb:set package 'cv_node' build argument 'cmake_target_skip_unavailable' from command line to 'False'
[1.754s] Level 5:colcon.colcon_core.verb:set package 'cv_node' build argument 'cmake_clean_cache' from command line to 'False'
[1.754s] Level 5:colcon.colcon_core.verb:set package 'cv_node' build argument 'cmake_clean_first' from command line to 'False'
[1.754s] Level 5:colcon.colcon_core.verb:set package 'cv_node' build argument 'cmake_force_configure' from command line to 'False'
[1.754s] Level 5:colcon.colcon_core.verb:set package 'cv_node' build argument 'ament_cmake_args' from command line to 'None'
[1.754s] Level 5:colcon.colcon_core.verb:set package 'cv_node' build argument 'catkin_cmake_args' from command line to 'None'
[1.754s] Level 5:colcon.colcon_core.verb:set package 'cv_node' build argument 'catkin_skip_building_tests' from command line to 'False'
[1.754s] DEBUG:colcon.colcon_core.verb:Building package 'cv_node' with the following arguments: {'ament_cmake_args': None, 'build_base': '/home/jmcfee/arv/cv-nav-integration/build/cv_node', 'catkin_cmake_args': None, 'catkin_skip_building_tests': False, 'cmake_args': None, 'cmake_clean_cache': False, 'cmake_clean_first': False, 'cmake_force_configure': False, 'cmake_target': None, 'cmake_target_skip_unavailable': False, 'install_base': '/home/jmcfee/arv/cv-nav-integration/install/cv_node', 'merge_install': False, 'path': '/home/jmcfee/arv/cv-nav-integration/src/cv_node', 'symlink_install': False, 'test_result_base': None}
[1.768s] Level 5:colcon.colcon_core.verb:set package 'drivable_area' build argument 'cmake_args' from command line to 'None'
[1.768s] Level 5:colcon.colcon_core.verb:set package 'drivable_area' build argument 'cmake_target' from command line to 'None'
[1.768s] Level 5:colcon.colcon_core.verb:set package 'drivable_area' build argument 'cmake_target_skip_unavailable' from command line to 'False'
[1.768s] Level 5:colcon.colcon_core.verb:set package 'drivable_area' build argument 'cmake_clean_cache' from command line to 'False'
[1.768s] Level 5:colcon.colcon_core.verb:set package 'drivable_area' build argument 'cmake_clean_first' from command line to 'False'
[1.768s] Level 5:colcon.colcon_core.verb:set package 'drivable_area' build argument 'cmake_force_configure' from command line to 'False'
[1.768s] Level 5:colcon.colcon_core.verb:set package 'drivable_area' build argument 'ament_cmake_args' from command line to 'None'
[1.768s] Level 5:colcon.colcon_core.verb:set package 'drivable_area' build argument 'catkin_cmake_args' from command line to 'None'
[1.768s] Level 5:colcon.colcon_core.verb:set package 'drivable_area' build argument 'catkin_skip_building_tests' from command line to 'False'
[1.768s] DEBUG:colcon.colcon_core.verb:Building package 'drivable_area' with the following arguments: {'ament_cmake_args': None, 'build_base': '/home/jmcfee/arv/cv-nav-integration/build/drivable_area', 'catkin_cmake_args': None, 'catkin_skip_building_tests': False, 'cmake_args': None, 'cmake_clean_cache': False, 'cmake_clean_first': False, 'cmake_force_configure': False, 'cmake_target': None, 'cmake_target_skip_unavailable': False, 'install_base': '/home/jmcfee/arv/cv-nav-integration/install/drivable_area', 'merge_install': False, 'path': '/home/jmcfee/arv/cv-nav-integration/src/drivable_area', 'symlink_install': False, 'test_result_base': None}
[1.781s] INFO:colcon.colcon_core.executor:Executing jobs using 'parallel' executor
[1.795s] DEBUG:colcon.colcon_parallel_executor.executor.parallel:run_until_complete
[1.796s] INFO:colcon.colcon_ros.task.ament_python.build:Building ROS package in '/home/jmcfee/arv/cv-nav-integration/src/cv_node' with build type 'ament_python'
[1.796s] Level 1:colcon.colcon_core.shell:create_environment_hook('cv_node', 'ament_prefix_path')
[1.816s] INFO:colcon.colcon_core.plugin_system:Skipping extension 'colcon_core.shell.bat': Not used on non-Windows systems
[1.816s] INFO:colcon.colcon_core.shell:Creating environment hook '/home/jmcfee/arv/cv-nav-integration/install/cv_node/share/cv_node/hook/ament_prefix_path.ps1'
[1.817s] INFO:colcon.colcon_core.shell:Creating environment descriptor '/home/jmcfee/arv/cv-nav-integration/install/cv_node/share/cv_node/hook/ament_prefix_path.dsv'
[1.818s] INFO:colcon.colcon_core.shell:Creating environment hook '/home/jmcfee/arv/cv-nav-integration/install/cv_node/share/cv_node/hook/ament_prefix_path.sh'
[1.834s] INFO:colcon.colcon_core.shell:Skip shell extension 'powershell' for command environment: Not usable outside of PowerShell
[1.834s] DEBUG:colcon.colcon_core.shell:Skip shell extension 'dsv' for command environment
[1.878s] INFO:colcon.colcon_ros.task.ament_python.build:Building ROS package in '/home/jmcfee/arv/cv-nav-integration/src/drivable_area' with build type 'ament_python'
[1.878s] Level 1:colcon.colcon_core.shell:create_environment_hook('drivable_area', 'ament_prefix_path')
[1.900s] INFO:colcon.colcon_core.shell:Creating environment hook '/home/jmcfee/arv/cv-nav-integration/install/drivable_area/share/drivable_area/hook/ament_prefix_path.ps1'
[1.901s] INFO:colcon.colcon_core.shell:Creating environment descriptor '/home/jmcfee/arv/cv-nav-integration/install/drivable_area/share/drivable_area/hook/ament_prefix_path.dsv'
[1.902s] INFO:colcon.colcon_core.shell:Creating environment hook '/home/jmcfee/arv/cv-nav-integration/install/drivable_area/share/drivable_area/hook/ament_prefix_path.sh'
[1.917s] INFO:colcon.colcon_core.shell:Skip shell extension 'powershell' for command environment: Not usable outside of PowerShell
[1.917s] DEBUG:colcon.colcon_core.shell:Skip shell extension 'dsv' for command environment
[2.240s] INFO:colcon.colcon_core.task.python.build:Building Python package in '/home/jmcfee/arv/cv-nav-integration/src/cv_node'
[2.255s] INFO:colcon.colcon_core.shell:Skip shell extension 'powershell' for command environment: Not usable outside of PowerShell
[2.255s] DEBUG:colcon.colcon_core.shell:Skip shell extension 'dsv' for command environment
[2.594s] INFO:colcon.colcon_core.task.python.build:Building Python package in '/home/jmcfee/arv/cv-nav-integration/src/drivable_area'
[2.613s] INFO:colcon.colcon_core.shell:Skip shell extension 'powershell' for command environment: Not usable outside of PowerShell
[2.613s] DEBUG:colcon.colcon_core.shell:Skip shell extension 'dsv' for command environment
[3.007s] DEBUG:colcon.colcon_core.event_handler.log_command:Invoking command in '/home/jmcfee/arv/cv-nav-integration/src/cv_node': PYTHONPATH=/home/jmcfee/arv/cv-nav-integration/build/cv_node/prefix_override:/home/jmcfee/arv/cv-nav-integration/install/cv_node/lib/python3.10/site-packages:${PYTHONPATH} /usr/bin/python3 setup.py egg_info --egg-base ../../build/cv_node build --build-base /home/jmcfee/arv/cv-nav-integration/build/cv_node/build install --record /home/jmcfee/arv/cv-nav-integration/build/cv_node/install.log --single-version-externally-managed
[3.011s] DEBUG:colcon.colcon_core.event_handler.log_command:Invoking command in '/home/jmcfee/arv/cv-nav-integration/src/drivable_area': PYTHONPATH=/home/jmcfee/arv/cv-nav-integration/build/drivable_area/prefix_override:/home/jmcfee/arv/cv-nav-integration/install/drivable_area/lib/python3.10/site-packages:${PYTHONPATH} /usr/bin/python3 setup.py egg_info --egg-base ../../build/drivable_area build --build-base /home/jmcfee/arv/cv-nav-integration/build/drivable_area/build install --record /home/jmcfee/arv/cv-nav-integration/build/drivable_area/install.log --single-version-externally-managed
[3.308s] DEBUG:colcon.colcon_core.event_handler.log_command:Invoked command in '/home/jmcfee/arv/cv-nav-integration/src/cv_node' returned '0': PYTHONPATH=/home/jmcfee/arv/cv-nav-integration/build/cv_node/prefix_override:/home/jmcfee/arv/cv-nav-integration/install/cv_node/lib/python3.10/site-packages:${PYTHONPATH} /usr/bin/python3 setup.py egg_info --egg-base ../../build/cv_node build --build-base /home/jmcfee/arv/cv-nav-integration/build/cv_node/build install --record /home/jmcfee/arv/cv-nav-integration/build/cv_node/install.log --single-version-externally-managed
[3.324s] Level 1:colcon.colcon_core.environment:checking '/home/jmcfee/arv/cv-nav-integration/install/cv_node' for CMake module files
[3.324s] Level 1:colcon.colcon_core.environment:checking '/home/jmcfee/arv/cv-nav-integration/install/cv_node' for CMake config files
[3.325s] Level 1:colcon.colcon_core.environment:checking '/home/jmcfee/arv/cv-nav-integration/install/cv_node/lib'
[3.325s] Level 1:colcon.colcon_core.environment:checking '/home/jmcfee/arv/cv-nav-integration/install/cv_node/bin'
[3.325s] Level 1:colcon.colcon_core.environment:checking '/home/jmcfee/arv/cv-nav-integration/install/cv_node/lib/pkgconfig/cv_node.pc'
[3.326s] Level 1:colcon.colcon_core.environment:checking '/home/jmcfee/arv/cv-nav-integration/install/cv_node/lib/python3.10/site-packages'
[3.326s] Level 1:colcon.colcon_core.shell:create_environment_hook('cv_node', 'pythonpath')
[3.345s] INFO:colcon.colcon_core.shell:Creating environment hook '/home/jmcfee/arv/cv-nav-integration/install/cv_node/share/cv_node/hook/pythonpath.ps1'
[3.345s] INFO:colcon.colcon_core.shell:Creating environment descriptor '/home/jmcfee/arv/cv-nav-integration/install/cv_node/share/cv_node/hook/pythonpath.dsv'
[3.346s] INFO:colcon.colcon_core.shell:Creating environment hook '/home/jmcfee/arv/cv-nav-integration/install/cv_node/share/cv_node/hook/pythonpath.sh'
[3.347s] Level 1:colcon.colcon_core.environment:checking '/home/jmcfee/arv/cv-nav-integration/install/cv_node/bin'
[3.347s] Level 1:colcon.colcon_core.environment:create_environment_scripts_only(cv_node)
[3.368s] INFO:colcon.colcon_core.shell:Creating package script '/home/jmcfee/arv/cv-nav-integration/install/cv_node/share/cv_node/package.ps1'
[3.369s] INFO:colcon.colcon_core.shell:Creating package descriptor '/home/jmcfee/arv/cv-nav-integration/install/cv_node/share/cv_node/package.dsv'
[3.370s] INFO:colcon.colcon_core.shell:Creating package script '/home/jmcfee/arv/cv-nav-integration/install/cv_node/share/cv_node/package.sh'
[3.371s] INFO:colcon.colcon_core.shell:Creating package script '/home/jmcfee/arv/cv-nav-integration/install/cv_node/share/cv_node/package.bash'
[3.372s] INFO:colcon.colcon_core.shell:Creating package script '/home/jmcfee/arv/cv-nav-integration/install/cv_node/share/cv_node/package.zsh'
[3.373s] Level 1:colcon.colcon_core.environment:create_file_with_runtime_dependencies(/home/jmcfee/arv/cv-nav-integration/install/cv_node/share/colcon-core/packages/cv_node)
[3.379s] DEBUG:colcon.colcon_core.event_handler.log_command:Invoked command in '/home/jmcfee/arv/cv-nav-integration/src/drivable_area' returned '0': PYTHONPATH=/home/jmcfee/arv/cv-nav-integration/build/drivable_area/prefix_override:/home/jmcfee/arv/cv-nav-integration/install/drivable_area/lib/python3.10/site-packages:${PYTHONPATH} /usr/bin/python3 setup.py egg_info --egg-base ../../build/drivable_area build --build-base /home/jmcfee/arv/cv-nav-integration/build/drivable_area/build install --record /home/jmcfee/arv/cv-nav-integration/build/drivable_area/install.log --single-version-externally-managed
[3.391s] Level 1:colcon.colcon_core.environment:checking '/home/jmcfee/arv/cv-nav-integration/install/drivable_area' for CMake module files
[3.391s] Level 1:colcon.colcon_core.environment:checking '/home/jmcfee/arv/cv-nav-integration/install/drivable_area' for CMake config files
[3.391s] Level 1:colcon.colcon_core.environment:checking '/home/jmcfee/arv/cv-nav-integration/install/drivable_area/lib'
[3.392s] Level 1:colcon.colcon_core.environment:checking '/home/jmcfee/arv/cv-nav-integration/install/drivable_area/bin'
[3.392s] Level 1:colcon.colcon_core.environment:checking '/home/jmcfee/arv/cv-nav-integration/install/drivable_area/lib/pkgconfig/drivable_area.pc'
[3.392s] Level 1:colcon.colcon_core.environment:checking '/home/jmcfee/arv/cv-nav-integration/install/drivable_area/lib/python3.10/site-packages'
[3.392s] Level 1:colcon.colcon_core.shell:create_environment_hook('drivable_area', 'pythonpath')
[3.407s] INFO:colcon.colcon_core.shell:Creating environment hook '/home/jmcfee/arv/cv-nav-integration/install/drivable_area/share/drivable_area/hook/pythonpath.ps1'
[3.408s] INFO:colcon.colcon_core.shell:Creating environment descriptor '/home/jmcfee/arv/cv-nav-integration/install/drivable_area/share/drivable_area/hook/pythonpath.dsv'
[3.408s] INFO:colcon.colcon_core.shell:Creating environment hook '/home/jmcfee/arv/cv-nav-integration/install/drivable_area/share/drivable_area/hook/pythonpath.sh'
[3.410s] Level 1:colcon.colcon_core.environment:checking '/home/jmcfee/arv/cv-nav-integration/install/drivable_area/bin'
[3.411s] Level 1:colcon.colcon_core.environment:create_environment_scripts_only(drivable_area)
[3.429s] INFO:colcon.colcon_core.shell:Creating package script '/home/jmcfee/arv/cv-nav-integration/install/drivable_area/share/drivable_area/package.ps1'
[3.430s] INFO:colcon.colcon_core.shell:Creating package descriptor '/home/jmcfee/arv/cv-nav-integration/install/drivable_area/share/drivable_area/package.dsv'
[3.430s] INFO:colcon.colcon_core.shell:Creating package script '/home/jmcfee/arv/cv-nav-integration/install/drivable_area/share/drivable_area/package.sh'
[3.431s] INFO:colcon.colcon_core.shell:Creating package script '/home/jmcfee/arv/cv-nav-integration/install/drivable_area/share/drivable_area/package.bash'
[3.431s] INFO:colcon.colcon_core.shell:Creating package script '/home/jmcfee/arv/cv-nav-integration/install/drivable_area/share/drivable_area/package.zsh'
[3.432s] Level 1:colcon.colcon_core.environment:create_file_with_runtime_dependencies(/home/jmcfee/arv/cv-nav-integration/install/drivable_area/share/colcon-core/packages/drivable_area)
[3.432s] DEBUG:colcon.colcon_parallel_executor.executor.parallel:closing loop
[3.433s] DEBUG:colcon.colcon_parallel_executor.executor.parallel:loop closed
[3.434s] DEBUG:colcon.colcon_parallel_executor.executor.parallel:run_until_complete finished with '0'
[3.434s] DEBUG:colcon.colcon_core.event_reactor:joining thread
[3.649s] INFO:colcon.colcon_core.plugin_system:Skipping extension 'colcon_notification.desktop_notification.notify_send': Could not find 'notify-send'
[3.650s] INFO:colcon.colcon_core.plugin_system:Skipping extension 'colcon_notification.desktop_notification.terminal_notifier': Not used on non-Darwin systems
[3.650s] INFO:colcon.colcon_core.plugin_system:Skipping extension 'colcon_notification.desktop_notification.win32': Not used on non-Windows systems
[3.650s] INFO:colcon.colcon_notification.desktop_notification:Sending desktop notification using 'notify2'
[3.662s] DEBUG:colcon.colcon_notification.desktop_notification.notify2:Failed to initialize notify2: org.freedesktop.DBus.Error.ServiceUnknown: The name org.freedesktop.Notifications was not provided by any .service files
[3.662s] DEBUG:colcon.colcon_core.event_reactor:joined thread
[3.691s] INFO:colcon.colcon_core.shell:Creating prefix script '/home/jmcfee/arv/cv-nav-integration/install/local_setup.ps1'
[3.693s] INFO:colcon.colcon_core.shell:Creating prefix util module '/home/jmcfee/arv/cv-nav-integration/install/_local_setup_util_ps1.py'
[3.695s] INFO:colcon.colcon_core.shell:Creating prefix chain script '/home/jmcfee/arv/cv-nav-integration/install/setup.ps1'
[3.721s] INFO:colcon.colcon_core.shell:Creating prefix script '/home/jmcfee/arv/cv-nav-integration/install/local_setup.sh'
[3.722s] INFO:colcon.colcon_core.shell:Creating prefix util module '/home/jmcfee/arv/cv-nav-integration/install/_local_setup_util_sh.py'
[3.723s] INFO:colcon.colcon_core.shell:Creating prefix chain script '/home/jmcfee/arv/cv-nav-integration/install/setup.sh'
[3.749s] INFO:colcon.colcon_core.shell:Creating prefix script '/home/jmcfee/arv/cv-nav-integration/install/local_setup.bash'
[3.750s] INFO:colcon.colcon_core.shell:Creating prefix chain script '/home/jmcfee/arv/cv-nav-integration/install/setup.bash'
[3.769s] INFO:colcon.colcon_core.shell:Creating prefix script '/home/jmcfee/arv/cv-nav-integration/install/local_setup.zsh'
[3.769s] INFO:colcon.colcon_core.shell:Creating prefix chain script '/home/jmcfee/arv/cv-nav-integration/install/setup.zsh'
